
*** Running vivado
    with args -log PMOD_IPs_ilmb_v10_1.vds -m64 -product Vivado -mode batch -messageDb vivado.pb -notrace -source PMOD_IPs_ilmb_v10_1.tcl


ECHO is off.
ECHO is off.

****** Vivado v2023.2.2 (64-bit)
  **** SW Build 4126759 on Thu Feb  8 23:53:51 MST 2024
  **** IP Build 4126054 on Fri Feb  9 11:39:09 MST 2024
  **** SharedData Build 4115275 on Tue Jan 30 00:40:57 MST 2024
    ** Copyright 1986-2022 Xilinx, Inc. All Rights Reserved.
    ** Copyright 2022-2024 Advanced Micro Devices, Inc. All Rights Reserved.

source PMOD_IPs_ilmb_v10_1.tcl -notrace
create_project: Time (s): cpu = 00:00:11 ; elapsed = 00:00:12 . Memory (MB): peak = 462.340 ; gain = 185.602
INFO: [IP_Flow 19-234] Refreshing IP repositories
INFO: [IP_Flow 19-1700] Loaded user IP repository 'c:/Users/Kashif/Desktop/WS2024/EMP 2/LAB/ip_repo01'.
INFO: [IP_Flow 19-2313] Loaded Vivado IP repository 'D:/XILINX/Vivado/2023.2/data/ip'.
WARNING: [IP_Flow 19-4995] The host OS only allows 260 characters in a normal path. The IP cache path is more than 80 characters. If you experience issues with IP caching, please consider changing the IP cache to a location with a shorter path. Alternately consider using the OS subst command to map part of the path to a drive letter. 
Current IP cache path is c:/Users/Kashif/Desktop/WS2024/EMP 2/LAB/PROJECT/Microblaze_and_other_IPs.cache/ip 
INFO: [IP_Flow 19-6924] IPCACHE: Running cache check for IP inst: PMOD_IPs_ilmb_v10_1
INFO: [IP_Flow 19-6922] IPCACHE: Exporting cached entry d2dbc0fe69c3e8ec to dir: C:/Users/Kashif/Desktop/WS2024/EMP 2/LAB/PROJECT/Microblaze_and_other_IPs.runs/PMOD_IPs_ilmb_v10_1_synth_1
INFO: [IP_Flow 19-6928] IPCACHE: copied cached file c:/Users/Kashif/Desktop/WS2024/EMP 2/LAB/PROJECT/Microblaze_and_other_IPs.cache/ip/2023.2.2/d/2/d2dbc0fe69c3e8ec/PMOD_IPs_dlmb_v10_1.dcp to C:/Users/Kashif/Desktop/WS2024/EMP 2/LAB/PROJECT/Microblaze_and_other_IPs.runs/PMOD_IPs_ilmb_v10_1_synth_1/PMOD_IPs_ilmb_v10_1.dcp.
INFO: [IP_Flow 19-6928] IPCACHE: copied cached file c:/Users/Kashif/Desktop/WS2024/EMP 2/LAB/PROJECT/Microblaze_and_other_IPs.cache/ip/2023.2.2/d/2/d2dbc0fe69c3e8ec/PMOD_IPs_dlmb_v10_1_sim_netlist.v to C:/Users/Kashif/Desktop/WS2024/EMP 2/LAB/PROJECT/Microblaze_and_other_IPs.runs/PMOD_IPs_ilmb_v10_1_synth_1/PMOD_IPs_ilmb_v10_1_sim_netlist.v.
INFO: [IP_Flow 19-6928] IPCACHE: copied cached file c:/Users/Kashif/Desktop/WS2024/EMP 2/LAB/PROJECT/Microblaze_and_other_IPs.cache/ip/2023.2.2/d/2/d2dbc0fe69c3e8ec/PMOD_IPs_dlmb_v10_1_sim_netlist.vhdl to C:/Users/Kashif/Desktop/WS2024/EMP 2/LAB/PROJECT/Microblaze_and_other_IPs.runs/PMOD_IPs_ilmb_v10_1_synth_1/PMOD_IPs_ilmb_v10_1_sim_netlist.vhdl.
INFO: [IP_Flow 19-6928] IPCACHE: copied cached file c:/Users/Kashif/Desktop/WS2024/EMP 2/LAB/PROJECT/Microblaze_and_other_IPs.cache/ip/2023.2.2/d/2/d2dbc0fe69c3e8ec/PMOD_IPs_dlmb_v10_1_stub.v to C:/Users/Kashif/Desktop/WS2024/EMP 2/LAB/PROJECT/Microblaze_and_other_IPs.runs/PMOD_IPs_ilmb_v10_1_synth_1/PMOD_IPs_ilmb_v10_1_stub.v.
INFO: [IP_Flow 19-6928] IPCACHE: copied cached file c:/Users/Kashif/Desktop/WS2024/EMP 2/LAB/PROJECT/Microblaze_and_other_IPs.cache/ip/2023.2.2/d/2/d2dbc0fe69c3e8ec/PMOD_IPs_dlmb_v10_1_stub.vhdl to C:/Users/Kashif/Desktop/WS2024/EMP 2/LAB/PROJECT/Microblaze_and_other_IPs.runs/PMOD_IPs_ilmb_v10_1_synth_1/PMOD_IPs_ilmb_v10_1_stub.vhdl.
INFO: [IP_Flow 19-4838] Using cached IP synthesis design for IP PMOD_IPs_ilmb_v10_1, cache-ID = d2dbc0fe69c3e8ec.
INFO: [Common 17-206] Exiting Vivado at Wed Nov 20 21:33:52 2024...
