Copyright 1986-2022 Xilinx, Inc. All Rights Reserved. Copyright 2022-2024 Advanced Micro Devices, Inc. All Rights Reserved.
---------------------------------------------------------------------------------------------------------------------------------------------
| Tool Version : Vivado v.2023.2.2 (win64) Build 4126759 Thu Feb  8 23:53:51 MST 2024
| Date         : Wed Nov 20 23:59:20 2024
| Host         : DESKTOP-4ADHA59 running 64-bit major release  (build 9200)
| Command      : report_control_sets -verbose -file PMOD_IPs_wrapper_control_sets_placed.rpt
| Design       : PMOD_IPs_wrapper
| Device       : xc7a100t
---------------------------------------------------------------------------------------------------------------------------------------------

Control Set Information

Table of Contents
-----------------
1. Summary
2. Histogram
3. Flip-Flop Distribution
4. Detailed Control Set Information

1. Summary
----------

+----------------------------------------------------------+-------+
|                          Status                          | Count |
+----------------------------------------------------------+-------+
| Total control sets                                       |    71 |
|    Minimum number of control sets                        |    71 |
|    Addition due to synthesis replication                 |     0 |
|    Addition due to physical synthesis replication        |     0 |
| Unused register locations in slices containing registers |   201 |
+----------------------------------------------------------+-------+
* Control sets can be merged at opt_design using control_set_merge or merge_equivalent_drivers
** Run report_qor_suggestions for automated merging and remapping suggestions


2. Histogram
------------

+--------------------+-------+
|       Fanout       | Count |
+--------------------+-------+
| Total control sets |    71 |
| >= 0 to < 4        |    10 |
| >= 4 to < 6        |    15 |
| >= 6 to < 8        |     5 |
| >= 8 to < 10       |     5 |
| >= 10 to < 12      |     2 |
| >= 12 to < 14      |     1 |
| >= 14 to < 16      |     1 |
| >= 16              |    32 |
+--------------------+-------+
* Control sets can be remapped at either synth_design or opt_design


3. Flip-Flop Distribution
-------------------------

+--------------+-----------------------+------------------------+-----------------+--------------+
| Clock Enable | Synchronous Set/Reset | Asynchronous Set/Reset | Total Registers | Total Slices |
+--------------+-----------------------+------------------------+-----------------+--------------+
| No           | No                    | No                     |             305 |           94 |
| No           | No                    | Yes                    |              29 |            6 |
| No           | Yes                   | No                     |             332 |          122 |
| Yes          | No                    | No                     |             250 |           72 |
| Yes          | No                    | Yes                    |              15 |            8 |
| Yes          | Yes                   | No                     |             700 |          229 |
+--------------+-----------------------+------------------------+-----------------+--------------+


4. Detailed Control Set Information
-----------------------------------

+------------------------------------------------------------+---------------------------------------------------------------------------------------------------------------------------------------------------------------------------------------------------------+------------------------------------------------------------------------------------------------------------------------------------------------+------------------+----------------+--------------+
|                        Clock Signal                        |                                                                                              Enable Signal                                                                                              |                                                                Set/Reset Signal                                                                | Slice Load Count | Bel Load Count | Bels / Slice |
+------------------------------------------------------------+---------------------------------------------------------------------------------------------------------------------------------------------------------------------------------------------------------+------------------------------------------------------------------------------------------------------------------------------------------------+------------------+----------------+--------------+
| ~PMOD_IPs_i/mdm_1/U0/No_Dbg_Reg_Access.BUFG_DRCK/Dbg_Clk_0 | PMOD_IPs_i/mdm_1/U0/MDM_Core_I1/JTAG_CONTROL_I/Use_BSCAN.FDC_I/CE                                                                                                                                       | PMOD_IPs_i/mdm_1/U0/MDM_Core_I1/JTAG_CONTROL_I/Use_BSCAN.FDC_I/D                                                                               |                1 |              1 |         1.00 |
|  PMOD_IPs_i/mdm_1/U0/Use_E2.BSCAN_I/Dbg_Update_0_BUFG      | PMOD_IPs_i/microblaze_0/U0/MicroBlaze_Core_I/Performance.Core/Use_Debug_Logic.Master_Core.Debug_Perf/Control_Reg_En                                                                                     | PMOD_IPs_i/microblaze_0/U0/MicroBlaze_Core_I/Performance.Core/Use_Debug_Logic.Master_Core.Debug_Perf/start_single_step_reg_n_0                 |                1 |              1 |         1.00 |
|  PMOD_IPs_i/clk_wiz_1/inst/clk_out1                        |                                                                                                                                                                                                         | PMOD_IPs_i/microblaze_0/U0/MicroBlaze_Core_I/Performance.Core/Use_Debug_Logic.Master_Core.Debug_Perf/Serial_Dbg_Intf.capture_1                 |                1 |              1 |         1.00 |
|  PMOD_IPs_i/mdm_1/U0/No_Dbg_Reg_Access.BUFG_DRCK/Dbg_Clk_0 | PMOD_IPs_i/mdm_1/U0/Use_E2.BSCAN_I/Use_E2.BSCANE2_I_0                                                                                                                                                   | PMOD_IPs_i/mdm_1/U0/MDM_Core_I1/JTAG_CONTROL_I/Functional_Reset                                                                                |                1 |              1 |         1.00 |
|  PMOD_IPs_i/mdm_1/U0/Use_E2.BSCAN_I/Dbg_Update_0_BUFG      | PMOD_IPs_i/microblaze_0/U0/MicroBlaze_Core_I/Performance.Core/Use_Debug_Logic.Master_Core.Debug_Perf/Control_Reg_En                                                                                     | PMOD_IPs_i/microblaze_0/U0/MicroBlaze_Core_I/Performance.Core/Use_Debug_Logic.Master_Core.Debug_Perf/Serial_Dbg_Intf.force_stop_cmd_i_reg_0    |                1 |              1 |         1.00 |
|  PMOD_IPs_i/mdm_1/U0/Use_E2.BSCAN_I/Dbg_Update_0_BUFG      | PMOD_IPs_i/microblaze_0/U0/MicroBlaze_Core_I/Performance.Core/Use_Debug_Logic.Master_Core.Debug_Perf/Control_Reg_En                                                                                     | PMOD_IPs_i/microblaze_0/U0/MicroBlaze_Core_I/Performance.Core/Use_Debug_Logic.Master_Core.Debug_Perf/Serial_Dbg_Intf.continue_from_brk_reg_n_0 |                1 |              1 |         1.00 |
|  PMOD_IPs_i/mdm_1/U0/Use_E2.BSCAN_I/Dbg_Update_0_BUFG      | PMOD_IPs_i/microblaze_0/U0/MicroBlaze_Core_I/Performance.Core/Use_Debug_Logic.Master_Core.Debug_Perf/Control_Reg_En                                                                                     | PMOD_IPs_i/microblaze_0/U0/MicroBlaze_Core_I/Performance.Core/Use_Debug_Logic.Master_Core.Debug_Perf/Serial_Dbg_Intf.normal_stop_cmd_i_reg_n_0 |                1 |              1 |         1.00 |
| ~PMOD_IPs_i/mdm_1/U0/Use_E2.BSCAN_I/Dbg_Update_0_BUFG      |                                                                                                                                                                                                         | PMOD_IPs_i/mdm_1/U0/MDM_Core_I1/JTAG_CONTROL_I/sel_n                                                                                           |                1 |              1 |         1.00 |
|  PMOD_IPs_i/mdm_1/U0/Use_E2.BSCAN_I/Dbg_Update_0_BUFG      | PMOD_IPs_i/microblaze_0/U0/MicroBlaze_Core_I/Performance.Core/Use_Debug_Logic.Master_Core.Debug_Perf/Command_Reg_En                                                                                     | PMOD_IPs_i/microblaze_0/U0/MicroBlaze_Core_I/Performance.Core/Use_Debug_Logic.Master_Core.Debug_Perf/command_reg_clear                         |                1 |              2 |         2.00 |
|  PMOD_IPs_i/mdm_1/U0/Use_E2.BSCAN_I/Dbg_Update_0_BUFG      |                                                                                                                                                                                                         |                                                                                                                                                |                2 |              3 |         1.50 |
|  PMOD_IPs_i/clk_wiz_1/inst/clk_out1                        |                                                                                                                                                                                                         | PMOD_IPs_i/microblaze_0_axi_intc/U0/AXI_LITE_IPIF_I/I_SLAVE_ATTACHMENT/clear                                                                   |                1 |              4 |         4.00 |
|  PMOD_IPs_i/clk_wiz_1/inst/clk_out1                        |                                                                                                                                                                                                         | PMOD_IPs_i/axi_gpio_Button/U0/AXI_LITE_IPIF_I/I_SLAVE_ATTACHMENT/clear                                                                         |                1 |              4 |         4.00 |
|  PMOD_IPs_i/mdm_1/U0/Use_E2.BSCAN_I/Dbg_Update_0_BUFG      | PMOD_IPs_i/mdm_1/U0/MDM_Core_I1/Use_BSCAN.MDM_SEL                                                                                                                                                       | PMOD_IPs_i/mdm_1/U0/Use_E2.BSCAN_I/AR[0]                                                                                                       |                1 |              4 |         4.00 |
|  PMOD_IPs_i/clk_wiz_1/inst/clk_out1                        |                                                                                                                                                                                                         | PMOD_IPs_i/axi_gpio_LEd/U0/AXI_LITE_IPIF_I/I_SLAVE_ATTACHMENT/clear                                                                            |                1 |              4 |         4.00 |
|  PMOD_IPs_i/clk_wiz_1/inst/clk_out1                        | PMOD_IPs_i/axi_gpio_LEd/U0/AXI_LITE_IPIF_I/I_SLAVE_ATTACHMENT/start2                                                                                                                                    | PMOD_IPs_i/axi_gpio_LEd/U0/AXI_LITE_IPIF_I/I_SLAVE_ATTACHMENT/I_DECODER/cs_ce_clr                                                              |                1 |              4 |         4.00 |
|  PMOD_IPs_i/mdm_1/U0/No_Dbg_Reg_Access.BUFG_DRCK/Dbg_Clk_0 | PMOD_IPs_i/mdm_1/U0/MDM_Core_I1/Use_BSCAN.TDI_Shifter0                                                                                                                                                  | PMOD_IPs_i/mdm_1/U0/Use_E2.BSCAN_I/AR[0]                                                                                                       |                1 |              4 |         4.00 |
|  PMOD_IPs_i/clk_wiz_1/inst/clk_out1                        | PMOD_IPs_i/axi_gpio_LEd/U0/AXI_LITE_IPIF_I/I_SLAVE_ATTACHMENT/bus2ip_addr_i[8]_i_1_n_0                                                                                                                  | PMOD_IPs_i/axi_gpio_LEd/U0/AXI_LITE_IPIF_I/I_SLAVE_ATTACHMENT/SR[0]                                                                            |                1 |              4 |         4.00 |
|  PMOD_IPs_i/clk_wiz_1/inst/clk_out1                        | PMOD_IPs_i/axi_gpio_Button/U0/AXI_LITE_IPIF_I/I_SLAVE_ATTACHMENT/start2                                                                                                                                 | PMOD_IPs_i/axi_gpio_Button/U0/AXI_LITE_IPIF_I/I_SLAVE_ATTACHMENT/I_DECODER/cs_ce_clr                                                           |                1 |              4 |         4.00 |
|  PMOD_IPs_i/clk_wiz_1/inst/clk_out1                        | PMOD_IPs_i/axi_gpio_Button/U0/AXI_LITE_IPIF_I/I_SLAVE_ATTACHMENT/bus2ip_addr_i[8]_i_1_n_0                                                                                                               | PMOD_IPs_i/axi_gpio_Button/U0/AXI_LITE_IPIF_I/I_SLAVE_ATTACHMENT/SR[0]                                                                         |                1 |              4 |         4.00 |
| ~PMOD_IPs_i/mdm_1/U0/Use_E2.BSCAN_I/Dbg_Update_0_BUFG      |                                                                                                                                                                                                         | PMOD_IPs_i/mdm_1/U0/Use_E2.BSCAN_I/AR[0]                                                                                                       |                1 |              4 |         4.00 |
|  PMOD_IPs_i/clk_wiz_1/inst/clk_out1                        |                                                                                                                                                                                                         | PMOD_IPs_i/axi_gpio_Button/U0/AXI_LITE_IPIF_I/I_SLAVE_ATTACHMENT/I_DECODER/bus2ip_rnw_i_reg                                                    |                2 |              5 |         2.50 |
|  PMOD_IPs_i/clk_wiz_1/inst/clk_out1                        |                                                                                                                                                                                                         | PMOD_IPs_i/rst_clk_wiz_1_100M/U0/EXT_LPF/lpf_int                                                                                               |                2 |              5 |         2.50 |
|  PMOD_IPs_i/clk_wiz_1/inst/clk_out1                        | PMOD_IPs_i/microblaze_0/U0/MicroBlaze_Core_I/Performance.Core/Decode_I/wb_Halted                                                                                                                        | PMOD_IPs_i/microblaze_0/U0/MicroBlaze_Core_I/sync_reset                                                                                        |                2 |              5 |         2.50 |
|  PMOD_IPs_i/clk_wiz_1/inst/clk_out1                        | PMOD_IPs_i/axi_gpio_Button/U0/AXI_LITE_IPIF_I/I_SLAVE_ATTACHMENT/I_DECODER/E[0]                                                                                                                         | PMOD_IPs_i/axi_gpio_Button/U0/AXI_LITE_IPIF_I/I_SLAVE_ATTACHMENT/SR[0]                                                                         |                2 |              5 |         2.50 |
|  PMOD_IPs_i/mdm_1/U0/Use_E2.BSCAN_I/Dbg_Update_0_BUFG      | PMOD_IPs_i/microblaze_0/U0/MicroBlaze_Core_I/Performance.Core/Use_Debug_Logic.Master_Core.Debug_Perf/Control_Reg_En                                                                                     |                                                                                                                                                |                3 |              5 |         1.67 |
|  PMOD_IPs_i/mdm_1/U0/No_Dbg_Reg_Access.BUFG_DRCK/Dbg_Clk_0 | PMOD_IPs_i/mdm_1/U0/MDM_Core_I1/JTAG_CONTROL_I/Use_BSCAN.FDC_I/sample_1                                                                                                                                 |                                                                                                                                                |                3 |              6 |         2.00 |
|  PMOD_IPs_i/mdm_1/U0/No_Dbg_Reg_Access.BUFG_DRCK/Dbg_Clk_0 | PMOD_IPs_i/mdm_1/U0/Use_E2.BSCAN_I/sel                                                                                                                                                                  |                                                                                                                                                |                2 |              6 |         3.00 |
|  PMOD_IPs_i/mdm_1/U0/No_Dbg_Reg_Access.BUFG_DRCK/Dbg_Clk_0 | PMOD_IPs_i/mdm_1/U0/Use_E2.BSCAN_I/Use_E2.BSCANE2_I_2                                                                                                                                                   |                                                                                                                                                |                2 |              6 |         3.00 |
|  PMOD_IPs_i/clk_wiz_1/inst/clk_out1                        | PMOD_IPs_i/axi_gpio_Button/U0/AXI_LITE_IPIF_I/I_SLAVE_ATTACHMENT/s_axi_rresp_i                                                                                                                          | PMOD_IPs_i/axi_gpio_Button/U0/AXI_LITE_IPIF_I/I_SLAVE_ATTACHMENT/SR[0]                                                                         |                1 |              6 |         6.00 |
|  PMOD_IPs_i/clk_wiz_1/inst/clk_out1                        | PMOD_IPs_i/rst_clk_wiz_1_100M/U0/SEQ/seq_cnt_en                                                                                                                                                         | PMOD_IPs_i/rst_clk_wiz_1_100M/U0/SEQ/SEQ_COUNTER/clear                                                                                         |                1 |              6 |         6.00 |
|  PMOD_IPs_i/mdm_1/U0/Use_E2.BSCAN_I/Dbg_Update_0_BUFG      | PMOD_IPs_i/mdm_1/U0/MDM_Core_I1/JTAG_CONTROL_I/Use_BSCAN.FDC_I/command_10                                                                                                                               |                                                                                                                                                |                1 |              8 |         8.00 |
|  PMOD_IPs_i/clk_wiz_1/inst/clk_out1                        | PMOD_IPs_i/microblaze_0_axi_intc/U0/AXI_LITE_IPIF_I/I_SLAVE_ATTACHMENT/bus2ip_addr_i[8]_i_1_n_0                                                                                                         | PMOD_IPs_i/microblaze_0_axi_intc/U0/AXI_LITE_IPIF_I/I_SLAVE_ATTACHMENT/rst                                                                     |                3 |              8 |         2.67 |
|  PMOD_IPs_i/mdm_1/U0/No_Dbg_Reg_Access.BUFG_DRCK/Dbg_Clk_0 | PMOD_IPs_i/microblaze_0/U0/MicroBlaze_Core_I/Performance.Core/Use_Debug_Logic.Master_Core.Debug_Perf/Using_PC_Breakpoints.All_PC_Brks[0].Serial_Interface_1.address_hit_I/Compare[0].SRLC16E_I/which_pc |                                                                                                                                                |                7 |              8 |         1.14 |
|  PMOD_IPs_i/mdm_1/U0/No_Dbg_Reg_Access.BUFG_DRCK/Dbg_Clk_0 | PMOD_IPs_i/mdm_1/U0/MDM_Core_I1/JTAG_CONTROL_I/tdi_shifter0                                                                                                                                             |                                                                                                                                                |                2 |              8 |         4.00 |
| ~PMOD_IPs_i/mdm_1/U0/Use_E2.BSCAN_I/Dbg_Update_0_BUFG      | PMOD_IPs_i/mdm_1/U0/MDM_Core_I1/JTAG_CONTROL_I/Use_BSCAN.command[0]_i_1_n_0                                                                                                                             |                                                                                                                                                |                2 |              8 |         4.00 |
|  PMOD_IPs_i/mdm_1/U0/No_Dbg_Reg_Access.BUFG_DRCK/Dbg_Clk_0 | PMOD_IPs_i/mdm_1/U0/MDM_Core_I1/JTAG_CONTROL_I/Use_BSCAN.FDC_I/Use_Serial_Unified_Completion.completion_block_reg                                                                                       |                                                                                                                                                |                4 |             10 |         2.50 |
|  PMOD_IPs_i/clk_wiz_1/inst/clk_out1                        |                                                                                                                                                                                                         | PMOD_IPs_i/microblaze_0_axi_intc/U0/AXI_LITE_IPIF_I/I_SLAVE_ATTACHMENT/rst                                                                     |                4 |             11 |         2.75 |
|  PMOD_IPs_i/clk_wiz_1/inst/clk_out1                        |                                                                                                                                                                                                         | PMOD_IPs_i/microblaze_0_axi_periph/xbar/inst/gen_sasd.crossbar_sasd_0/addr_arbiter_inst/SR[0]                                                  |                3 |             13 |         4.33 |
|  PMOD_IPs_i/clk_wiz_1/inst/clk_out1                        | PMOD_IPs_i/microblaze_0_axi_periph/xbar/inst/gen_sasd.crossbar_sasd_0/reg_slice_r/aa_rready                                                                                                             |                                                                                                                                                |                5 |             15 |         3.00 |
|  PMOD_IPs_i/clk_wiz_1/inst/clk_out1                        |                                                                                                                                                                                                         | PMOD_IPs_i/axi_gpio_LEd/U0/gpio_core_1/Read_Reg_Rst__0                                                                                         |                3 |             16 |         5.33 |
|  PMOD_IPs_i/clk_wiz_1/inst/clk_out1                        | PMOD_IPs_i/microblaze_0/U0/MicroBlaze_Core_I/Performance.Core/Decode_I/PreFetch_Buffer_I1/Instruction_Prefetch_Mux[4].Gen_Instr_DFF/E[0]                                                                | PMOD_IPs_i/microblaze_0/U0/MicroBlaze_Core_I/sync_reset                                                                                        |                6 |             16 |         2.67 |
|  PMOD_IPs_i/clk_wiz_1/inst/clk_out1                        | PMOD_IPs_i/axi_gpio_LEd/U0/AXI_LITE_IPIF_I/I_SLAVE_ATTACHMENT/s_axi_rresp_i                                                                                                                             | PMOD_IPs_i/axi_gpio_LEd/U0/AXI_LITE_IPIF_I/I_SLAVE_ATTACHMENT/SR[0]                                                                            |                3 |             17 |         5.67 |
|  PMOD_IPs_i/clk_wiz_1/inst/clk_out1                        | PMOD_IPs_i/microblaze_0_axi_intc/U0/AXI_LITE_IPIF_I/I_SLAVE_ATTACHMENT/start2                                                                                                                           | PMOD_IPs_i/microblaze_0_axi_intc/U0/AXI_LITE_IPIF_I/I_SLAVE_ATTACHMENT/I_DECODER/cs_ce_clr                                                     |                4 |             19 |         4.75 |
|  PMOD_IPs_i/clk_wiz_1/inst/clk_out1                        |                                                                                                                                                                                                         | PMOD_IPs_i/axi_gpio_Button/U0/AXI_LITE_IPIF_I/I_SLAVE_ATTACHMENT/SR[0]                                                                         |                7 |             21 |         3.00 |
|  PMOD_IPs_i/clk_wiz_1/inst/clk_out1                        | PMOD_IPs_i/microblaze_0/U0/MicroBlaze_Core_I/Performance.Core/Decode_I/mem_wait_on_ready_N_carry_or/MUXCY_I/lopt_1                                                                                      | PMOD_IPs_i/microblaze_0/U0/MicroBlaze_Core_I/sync_reset                                                                                        |                8 |             21 |         2.62 |
|  PMOD_IPs_i/mdm_1/U0/No_Dbg_Reg_Access.BUFG_DRCK/Dbg_Clk_0 |                                                                                                                                                                                                         | PMOD_IPs_i/mdm_1/U0/Use_E2.BSCAN_I/Use_E2.BSCANE2_I_4                                                                                          |                3 |             23 |         7.67 |
|  PMOD_IPs_i/clk_wiz_1/inst/clk_out1                        | PMOD_IPs_i/microblaze_0_axi_periph/xbar/inst/gen_sasd.crossbar_sasd_0/addr_arbiter_inst/p_0_in1_in                                                                                                      | PMOD_IPs_i/microblaze_0_axi_periph/xbar/inst/gen_sasd.crossbar_sasd_0/addr_arbiter_inst/SR[0]                                                  |                5 |             23 |         4.60 |
|  PMOD_IPs_i/clk_wiz_1/inst/clk_out1                        |                                                                                                                                                                                                         | PMOD_IPs_i/microblaze_0_axi_intc/U0/INTC_CORE_I/SR[0]                                                                                          |                9 |             28 |         3.11 |
|  PMOD_IPs_i/clk_wiz_1/inst/clk_out1                        | PMOD_IPs_i/microblaze_0_axi_periph/xbar/inst/gen_sasd.crossbar_sasd_0/addr_arbiter_inst/s_axi_rvalid[0]                                                                                                 | PMOD_IPs_i/microblaze_0/U0/MicroBlaze_Core_I/sync_reset                                                                                        |               10 |             32 |         3.20 |
|  PMOD_IPs_i/clk_wiz_1/inst/clk_out1                        | PMOD_IPs_i/microblaze_0/U0/MicroBlaze_Core_I/Performance.Core/Use_Debug_Logic.Master_Core.Debug_Perf/data_rd_reg[0]_i_1_n_0                                                                             | PMOD_IPs_i/microblaze_0/U0/MicroBlaze_Core_I/sync_reset                                                                                        |                9 |             32 |         3.56 |
|  PMOD_IPs_i/clk_wiz_1/inst/clk_out1                        |                                                                                                                                                                                                         | PMOD_IPs_i/axi_gpio_LEd/U0/AXI_LITE_IPIF_I/I_SLAVE_ATTACHMENT/SR[0]                                                                            |                9 |             32 |         3.56 |
|  PMOD_IPs_i/clk_wiz_1/inst/clk_out1                        |                                                                                                                                                                                                         | PMOD_IPs_i/microblaze_0/U0/MicroBlaze_Core_I/Performance.Core/wb_dlmb_valid_read_data0                                                         |               10 |             32 |         3.20 |
|  PMOD_IPs_i/clk_wiz_1/inst/clk_out1                        | PMOD_IPs_i/microblaze_0/U0/MicroBlaze_Core_I/Performance.Core/Decode_I/Use_MuxCy[3].OF_Piperun_Stage/MUXCY_I/Using_FPGA.Native_0                                                                        | PMOD_IPs_i/microblaze_0/U0/MicroBlaze_Core_I/Performance.Core/Decode_I/R                                                                       |               10 |             32 |         3.20 |
|  PMOD_IPs_i/clk_wiz_1/inst/clk_out1                        | PMOD_IPs_i/microblaze_0/U0/MicroBlaze_Core_I/Performance.Core/Decode_I/Use_MuxCy[3].OF_Piperun_Stage/MUXCY_I/E[0]                                                                                       | PMOD_IPs_i/microblaze_0/U0/MicroBlaze_Core_I/sync_reset                                                                                        |                4 |             32 |         8.00 |
|  PMOD_IPs_i/clk_wiz_1/inst/clk_out1                        | PMOD_IPs_i/microblaze_0/U0/MicroBlaze_Core_I/Performance.Core/Decode_I/PreFetch_Buffer_I1/Gen_Mux_Select_LUT6[2].Gen_Sel_DFF/Using_FPGA.Native_1[0]                                                     | PMOD_IPs_i/microblaze_0/U0/MicroBlaze_Core_I/sync_reset                                                                                        |                6 |             32 |         5.33 |
|  PMOD_IPs_i/clk_wiz_1/inst/clk_out1                        | PMOD_IPs_i/axi_gpio_LEd/U0/AXI_LITE_IPIF_I/I_SLAVE_ATTACHMENT/I_DECODER/E[0]                                                                                                                            | PMOD_IPs_i/axi_gpio_LEd/U0/AXI_LITE_IPIF_I/I_SLAVE_ATTACHMENT/SR[0]                                                                            |                6 |             32 |         5.33 |
|  PMOD_IPs_i/clk_wiz_1/inst/clk_out1                        | PMOD_IPs_i/microblaze_0/U0/MicroBlaze_Core_I/Performance.Core/Decode_I/mem_wait_on_ready_N_carry_or/MUXCY_I/lopt_1                                                                                      | PMOD_IPs_i/microblaze_0/U0/MicroBlaze_Core_I/Performance.Core/Decode_I/SR[0]                                                                   |               12 |             32 |         2.67 |
|  PMOD_IPs_i/clk_wiz_1/inst/clk_out1                        | PMOD_IPs_i/microblaze_0_axi_intc/U0/AXI_LITE_IPIF_I/I_SLAVE_ATTACHMENT/s_axi_rresp_i                                                                                                                    | PMOD_IPs_i/microblaze_0_axi_intc/U0/AXI_LITE_IPIF_I/I_SLAVE_ATTACHMENT/rst                                                                     |                7 |             32 |         4.57 |
|  PMOD_IPs_i/mdm_1/U0/No_Dbg_Reg_Access.BUFG_DRCK/Dbg_Clk_0 | PMOD_IPs_i/microblaze_0/U0/MicroBlaze_Core_I/Performance.Core/Use_Debug_Logic.Master_Core.Debug_Perf/Serial_Dbg_Intf.New_Dbg_Instr_TCK                                                                  |                                                                                                                                                |               10 |             32 |         3.20 |
|  PMOD_IPs_i/clk_wiz_1/inst/clk_out1                        | PMOD_IPs_i/microblaze_0_axi_intc/U0/INTC_CORE_I/irq                                                                                                                                                     |                                                                                                                                                |                8 |             32 |         4.00 |
|  PMOD_IPs_i/clk_wiz_1/inst/clk_out1                        | PMOD_IPs_i/microblaze_0_axi_periph/xbar/inst/gen_sasd.crossbar_sasd_0/addr_arbiter_inst/E[0]                                                                                                            |                                                                                                                                                |                9 |             33 |         3.67 |
|  PMOD_IPs_i/clk_wiz_1/inst/clk_out1                        | PMOD_IPs_i/microblaze_0/U0/MicroBlaze_Core_I/Performance.Core/Decode_I/mem_wait_on_ready_N_carry_or/MUXCY_I/lopt_1                                                                                      |                                                                                                                                                |                9 |             34 |         3.78 |
|  PMOD_IPs_i/mdm_1/U0/No_Dbg_Reg_Access.BUFG_DRCK/Dbg_Clk_0 | PMOD_IPs_i/mdm_1/U0/Use_E2.BSCAN_I/Use_E2.BSCANE2_I_0                                                                                                                                                   |                                                                                                                                                |               12 |             47 |         3.92 |
|  PMOD_IPs_i/clk_wiz_1/inst/clk_out1                        | PMOD_IPs_i/microblaze_0_axi_intc/U0/AXI_LITE_IPIF_I/I_SLAVE_ATTACHMENT/I_DECODER/bus2ip_wrce[0]                                                                                                         |                                                                                                                                                |                8 |             64 |         8.00 |
|  PMOD_IPs_i/clk_wiz_1/inst/clk_out1                        | PMOD_IPs_i/microblaze_0/U0/MicroBlaze_Core_I/Performance.Core/Decode_I/PreFetch_Buffer_I1/Instruction_Prefetch_Mux[42].Instr_Mux_MUXF7/IReady_0                                                         |                                                                                                                                                |               10 |             75 |         7.50 |
|  PMOD_IPs_i/clk_wiz_1/inst/clk_out1                        | PMOD_IPs_i/microblaze_0/U0/MicroBlaze_Core_I/Performance.Core/Decode_I/Use_MuxCy[3].OF_Piperun_Stage/MUXCY_I/Using_FPGA.Native_0                                                                        | PMOD_IPs_i/microblaze_0/U0/MicroBlaze_Core_I/sync_reset                                                                                        |               37 |             80 |         2.16 |
|  PMOD_IPs_i/mdm_1/U0/No_Dbg_Reg_Access.BUFG_DRCK/Dbg_Clk_0 |                                                                                                                                                                                                         |                                                                                                                                                |               26 |             80 |         3.08 |
|  PMOD_IPs_i/clk_wiz_1/inst/clk_out1                        | PMOD_IPs_i/microblaze_0/U0/MicroBlaze_Core_I/Performance.Core/Decode_I/WB_GPR_Wr                                                                                                                        |                                                                                                                                                |               16 |            128 |         8.00 |
|  PMOD_IPs_i/clk_wiz_1/inst/clk_out1                        |                                                                                                                                                                                                         | PMOD_IPs_i/microblaze_0/U0/MicroBlaze_Core_I/sync_reset                                                                                        |               70 |            157 |         2.24 |
|  PMOD_IPs_i/clk_wiz_1/inst/clk_out1                        | PMOD_IPs_i/microblaze_0/U0/MicroBlaze_Core_I/Performance.Core/Decode_I/Use_MuxCy[11].OF_Piperun_Stage/MUXCY_I/Using_FPGA.Native_0                                                                       | PMOD_IPs_i/microblaze_0/U0/MicroBlaze_Core_I/sync_reset                                                                                        |               88 |            221 |         2.51 |
|  PMOD_IPs_i/clk_wiz_1/inst/clk_out1                        |                                                                                                                                                                                                         |                                                                                                                                                |               70 |            239 |         3.41 |
+------------------------------------------------------------+---------------------------------------------------------------------------------------------------------------------------------------------------------------------------------------------------------+------------------------------------------------------------------------------------------------------------------------------------------------+------------------+----------------+--------------+


