
*** Running vivado
    with args -log PMOD_IPs_clk_wiz_1_1.vds -m64 -product Vivado -mode batch -messageDb vivado.pb -notrace -source PMOD_IPs_clk_wiz_1_1.tcl


ECHO is off.
ECHO is off.

****** Vivado v2023.2.2 (64-bit)
  **** SW Build 4126759 on Thu Feb  8 23:53:51 MST 2024
  **** IP Build 4126054 on Fri Feb  9 11:39:09 MST 2024
  **** SharedData Build 4115275 on Tue Jan 30 00:40:57 MST 2024
    ** Copyright 1986-2022 Xilinx, Inc. All Rights Reserved.
    ** Copyright 2022-2024 Advanced Micro Devices, Inc. All Rights Reserved.

source PMOD_IPs_clk_wiz_1_1.tcl -notrace
create_project: Time (s): cpu = 00:00:12 ; elapsed = 00:00:15 . Memory (MB): peak = 460.828 ; gain = 183.277
INFO: [IP_Flow 19-234] Refreshing IP repositories
INFO: [IP_Flow 19-1700] Loaded user IP repository 'c:/Users/Kashif/Desktop/WS2024/EMP 2/LAB/ip_repo01'.
INFO: [IP_Flow 19-2313] Loaded Vivado IP repository 'D:/XILINX/Vivado/2023.2/data/ip'.
WARNING: [IP_Flow 19-4995] The host OS only allows 260 characters in a normal path. The IP cache path is more than 80 characters. If you experience issues with IP caching, please consider changing the IP cache to a location with a shorter path. Alternately consider using the OS subst command to map part of the path to a drive letter. 
Current IP cache path is c:/Users/Kashif/Desktop/WS2024/EMP 2/LAB/PROJECT/Microblaze_and_other_IPs.cache/ip 
INFO: [IP_Flow 19-6924] IPCACHE: Running cache check for IP inst: PMOD_IPs_clk_wiz_1_1
Command: synth_design -top PMOD_IPs_clk_wiz_1_1 -part xc7a100tcsg324-1 -incremental_mode off -mode out_of_context
Starting synth_design
Attempting to get a license for feature 'Synthesis' and/or device 'xc7a100t'
INFO: [Common 17-349] Got license for feature 'Synthesis' and/or device 'xc7a100t'
INFO: [Device 21-403] Loading part xc7a100tcsg324-1
INFO: [Synth 8-7079] Multithreading enabled for synth_design using a maximum of 2 processes.
INFO: [Synth 8-7078] Launching helper process for spawning children vivado processes
INFO: [Synth 8-7075] Helper process launched with PID 14308
---------------------------------------------------------------------------------
Starting RTL Elaboration : Time (s): cpu = 00:00:12 ; elapsed = 00:00:14 . Memory (MB): peak = 1326.340 ; gain = 440.664
---------------------------------------------------------------------------------
INFO: [Synth 8-6157] synthesizing module 'PMOD_IPs_clk_wiz_1_1' [c:/Users/Kashif/Desktop/WS2024/EMP 2/LAB/PROJECT/Microblaze_and_other_IPs.gen/sources_1/bd/PMOD_IPs/ip/PMOD_IPs_clk_wiz_1_1/PMOD_IPs_clk_wiz_1_1.v:65]
INFO: [Synth 8-6157] synthesizing module 'PMOD_IPs_clk_wiz_1_1_clk_wiz' [c:/Users/Kashif/Desktop/WS2024/EMP 2/LAB/PROJECT/Microblaze_and_other_IPs.gen/sources_1/bd/PMOD_IPs/ip/PMOD_IPs_clk_wiz_1_1/PMOD_IPs_clk_wiz_1_1_clk_wiz.v:65]
INFO: [Synth 8-6157] synthesizing module 'IBUF' [D:/XILINX/Vivado/2023.2/scripts/rt/data/unisim_comp.v:73631]
INFO: [Synth 8-6155] done synthesizing module 'IBUF' (0#1) [D:/XILINX/Vivado/2023.2/scripts/rt/data/unisim_comp.v:73631]
INFO: [Synth 8-6157] synthesizing module 'MMCME2_ADV' [D:/XILINX/Vivado/2023.2/scripts/rt/data/unisim_comp.v:82174]
	Parameter BANDWIDTH bound to: OPTIMIZED - type: string 
	Parameter CLKFBOUT_MULT_F bound to: 10.000000 - type: double 
	Parameter CLKFBOUT_PHASE bound to: 0.000000 - type: double 
	Parameter CLKFBOUT_USE_FINE_PS bound to: FALSE - type: string 
	Parameter CLKIN1_PERIOD bound to: 10.000000 - type: double 
	Parameter CLKOUT0_DIVIDE_F bound to: 10.000000 - type: double 
	Parameter CLKOUT0_DUTY_CYCLE bound to: 0.500000 - type: double 
	Parameter CLKOUT0_PHASE bound to: 0.000000 - type: double 
	Parameter CLKOUT0_USE_FINE_PS bound to: FALSE - type: string 
	Parameter CLKOUT4_CASCADE bound to: FALSE - type: string 
	Parameter COMPENSATION bound to: ZHOLD - type: string 
	Parameter DIVCLK_DIVIDE bound to: 1 - type: integer 
	Parameter STARTUP_WAIT bound to: FALSE - type: string 
INFO: [Synth 8-6155] done synthesizing module 'MMCME2_ADV' (0#1) [D:/XILINX/Vivado/2023.2/scripts/rt/data/unisim_comp.v:82174]
INFO: [Synth 8-6157] synthesizing module 'BUFG' [D:/XILINX/Vivado/2023.2/scripts/rt/data/unisim_comp.v:1951]
INFO: [Synth 8-6155] done synthesizing module 'BUFG' (0#1) [D:/XILINX/Vivado/2023.2/scripts/rt/data/unisim_comp.v:1951]
INFO: [Synth 8-6155] done synthesizing module 'PMOD_IPs_clk_wiz_1_1_clk_wiz' (0#1) [c:/Users/Kashif/Desktop/WS2024/EMP 2/LAB/PROJECT/Microblaze_and_other_IPs.gen/sources_1/bd/PMOD_IPs/ip/PMOD_IPs_clk_wiz_1_1/PMOD_IPs_clk_wiz_1_1_clk_wiz.v:65]
INFO: [Synth 8-6155] done synthesizing module 'PMOD_IPs_clk_wiz_1_1' (0#1) [c:/Users/Kashif/Desktop/WS2024/EMP 2/LAB/PROJECT/Microblaze_and_other_IPs.gen/sources_1/bd/PMOD_IPs/ip/PMOD_IPs_clk_wiz_1_1/PMOD_IPs_clk_wiz_1_1.v:65]
---------------------------------------------------------------------------------
Finished RTL Elaboration : Time (s): cpu = 00:00:16 ; elapsed = 00:00:18 . Memory (MB): peak = 1436.566 ; gain = 550.891
---------------------------------------------------------------------------------
---------------------------------------------------------------------------------
Start Handling Custom Attributes
---------------------------------------------------------------------------------
---------------------------------------------------------------------------------
Finished Handling Custom Attributes : Time (s): cpu = 00:00:16 ; elapsed = 00:00:18 . Memory (MB): peak = 1436.566 ; gain = 550.891
---------------------------------------------------------------------------------
---------------------------------------------------------------------------------
Finished RTL Optimization Phase 1 : Time (s): cpu = 00:00:16 ; elapsed = 00:00:18 . Memory (MB): peak = 1436.566 ; gain = 550.891
---------------------------------------------------------------------------------
Netlist sorting complete. Time (s): cpu = 00:00:00 ; elapsed = 00:00:00.001 . Memory (MB): peak = 1445.836 ; gain = 0.000
INFO: [Netlist 29-17] Analyzing 1 Unisim elements for replacement
INFO: [Netlist 29-28] Unisim Transformation completed in 0 CPU seconds
INFO: [Project 1-570] Preparing netlist for logic optimization

Processing XDC Constraints
Initializing timing engine
Parsing XDC File [c:/Users/Kashif/Desktop/WS2024/EMP 2/LAB/PROJECT/Microblaze_and_other_IPs.gen/sources_1/bd/PMOD_IPs/ip/PMOD_IPs_clk_wiz_1_1/PMOD_IPs_clk_wiz_1_1_ooc.xdc] for cell 'inst'
Finished Parsing XDC File [c:/Users/Kashif/Desktop/WS2024/EMP 2/LAB/PROJECT/Microblaze_and_other_IPs.gen/sources_1/bd/PMOD_IPs/ip/PMOD_IPs_clk_wiz_1_1/PMOD_IPs_clk_wiz_1_1_ooc.xdc] for cell 'inst'
Parsing XDC File [c:/Users/Kashif/Desktop/WS2024/EMP 2/LAB/PROJECT/Microblaze_and_other_IPs.gen/sources_1/bd/PMOD_IPs/ip/PMOD_IPs_clk_wiz_1_1/PMOD_IPs_clk_wiz_1_1_board.xdc] for cell 'inst'
Finished Parsing XDC File [c:/Users/Kashif/Desktop/WS2024/EMP 2/LAB/PROJECT/Microblaze_and_other_IPs.gen/sources_1/bd/PMOD_IPs/ip/PMOD_IPs_clk_wiz_1_1/PMOD_IPs_clk_wiz_1_1_board.xdc] for cell 'inst'
Parsing XDC File [c:/Users/Kashif/Desktop/WS2024/EMP 2/LAB/PROJECT/Microblaze_and_other_IPs.gen/sources_1/bd/PMOD_IPs/ip/PMOD_IPs_clk_wiz_1_1/PMOD_IPs_clk_wiz_1_1.xdc] for cell 'inst'
Finished Parsing XDC File [c:/Users/Kashif/Desktop/WS2024/EMP 2/LAB/PROJECT/Microblaze_and_other_IPs.gen/sources_1/bd/PMOD_IPs/ip/PMOD_IPs_clk_wiz_1_1/PMOD_IPs_clk_wiz_1_1.xdc] for cell 'inst'
INFO: [Project 1-236] Implementation specific constraints were found while reading constraint file [c:/Users/Kashif/Desktop/WS2024/EMP 2/LAB/PROJECT/Microblaze_and_other_IPs.gen/sources_1/bd/PMOD_IPs/ip/PMOD_IPs_clk_wiz_1_1/PMOD_IPs_clk_wiz_1_1.xdc]. These constraints will be ignored for synthesis but will be used in implementation. Impacted constraints are listed in the file [.Xil/PMOD_IPs_clk_wiz_1_1_propImpl.xdc].
Resolution: To avoid this warning, move constraints listed in [.Xil/PMOD_IPs_clk_wiz_1_1_propImpl.xdc] to another XDC file and exclude this new file from synthesis with the used_in_synthesis property (File Properties dialog in GUI) and re-run elaboration/synthesis.
INFO: [Timing 38-2] Deriving generated clocks
Parsing XDC File [C:/Users/Kashif/Desktop/WS2024/EMP 2/LAB/PROJECT/Microblaze_and_other_IPs.runs/PMOD_IPs_clk_wiz_1_1_synth_1/dont_touch.xdc]
Finished Parsing XDC File [C:/Users/Kashif/Desktop/WS2024/EMP 2/LAB/PROJECT/Microblaze_and_other_IPs.runs/PMOD_IPs_clk_wiz_1_1_synth_1/dont_touch.xdc]
Completed Processing XDC Constraints

Netlist sorting complete. Time (s): cpu = 00:00:00 ; elapsed = 00:00:00 . Memory (MB): peak = 1470.805 ; gain = 0.000
INFO: [Project 1-111] Unisim Transformation Summary:
No Unisim elements were transformed.

The system cannot find the path specified.
Constraint Validation Runtime : Time (s): cpu = 00:00:00 ; elapsed = 00:00:00.051 . Memory (MB): peak = 1470.812 ; gain = 0.008
INFO: [Designutils 20-5008] Incremental synthesis strategy off
---------------------------------------------------------------------------------
Finished Constraint Validation : Time (s): cpu = 00:00:32 ; elapsed = 00:00:36 . Memory (MB): peak = 1470.812 ; gain = 585.137
---------------------------------------------------------------------------------
---------------------------------------------------------------------------------
Start Loading Part and Timing Information
---------------------------------------------------------------------------------
Loading part: xc7a100tcsg324-1
---------------------------------------------------------------------------------
Finished Loading Part and Timing Information : Time (s): cpu = 00:00:32 ; elapsed = 00:00:36 . Memory (MB): peak = 1470.812 ; gain = 585.137
---------------------------------------------------------------------------------
---------------------------------------------------------------------------------
Start Applying 'set_property' XDC Constraints
---------------------------------------------------------------------------------
Applied set_property KEEP_HIERARCHY = SOFT for inst. (constraint file  {C:/Users/Kashif/Desktop/WS2024/EMP 2/LAB/PROJECT/Microblaze_and_other_IPs.runs/PMOD_IPs_clk_wiz_1_1_synth_1/dont_touch.xdc}, line 9).
Applied set_property KEEP = true for clk_in1. (constraint file  auto generated constraint).
Applied set_property KEEP = true for resetn. (constraint file  auto generated constraint).
---------------------------------------------------------------------------------
Finished applying 'set_property' XDC Constraints : Time (s): cpu = 00:00:32 ; elapsed = 00:00:36 . Memory (MB): peak = 1470.812 ; gain = 585.137
---------------------------------------------------------------------------------
---------------------------------------------------------------------------------
Finished RTL Optimization Phase 2 : Time (s): cpu = 00:00:32 ; elapsed = 00:00:37 . Memory (MB): peak = 1470.812 ; gain = 585.137
---------------------------------------------------------------------------------
---------------------------------------------------------------------------------
Start RTL Component Statistics 
---------------------------------------------------------------------------------
Detailed RTL Component Info : 
---------------------------------------------------------------------------------
Finished RTL Component Statistics 
---------------------------------------------------------------------------------
---------------------------------------------------------------------------------
Start Part Resource Summary
---------------------------------------------------------------------------------
Part Resources:
DSPs: 240 (col length:80)
BRAMs: 270 (col length: RAMB18 80 RAMB36 40)
---------------------------------------------------------------------------------
Finished Part Resource Summary
---------------------------------------------------------------------------------
---------------------------------------------------------------------------------
Start Cross Boundary and Area Optimization
---------------------------------------------------------------------------------
WARNING: [Synth 8-7080] Parallel synthesis criteria is not met
---------------------------------------------------------------------------------
Finished Cross Boundary and Area Optimization : Time (s): cpu = 00:00:36 ; elapsed = 00:00:41 . Memory (MB): peak = 1470.812 ; gain = 585.137
---------------------------------------------------------------------------------
---------------------------------------------------------------------------------
Start Applying XDC Timing Constraints
---------------------------------------------------------------------------------
---------------------------------------------------------------------------------
Finished Applying XDC Timing Constraints : Time (s): cpu = 00:00:47 ; elapsed = 00:00:52 . Memory (MB): peak = 1470.812 ; gain = 585.137
---------------------------------------------------------------------------------
---------------------------------------------------------------------------------
Start Timing Optimization
---------------------------------------------------------------------------------
---------------------------------------------------------------------------------
Finished Timing Optimization : Time (s): cpu = 00:00:47 ; elapsed = 00:00:52 . Memory (MB): peak = 1470.812 ; gain = 585.137
---------------------------------------------------------------------------------
---------------------------------------------------------------------------------
Start Technology Mapping
---------------------------------------------------------------------------------
---------------------------------------------------------------------------------
Finished Technology Mapping : Time (s): cpu = 00:00:47 ; elapsed = 00:00:52 . Memory (MB): peak = 1470.812 ; gain = 585.137
---------------------------------------------------------------------------------
---------------------------------------------------------------------------------
Start IO Insertion
---------------------------------------------------------------------------------
---------------------------------------------------------------------------------
Start Flattening Before IO Insertion
---------------------------------------------------------------------------------
---------------------------------------------------------------------------------
Finished Flattening Before IO Insertion
---------------------------------------------------------------------------------
---------------------------------------------------------------------------------
Start Final Netlist Cleanup
---------------------------------------------------------------------------------
---------------------------------------------------------------------------------
Finished Final Netlist Cleanup
---------------------------------------------------------------------------------
---------------------------------------------------------------------------------
Finished IO Insertion : Time (s): cpu = 00:01:01 ; elapsed = 00:01:10 . Memory (MB): peak = 1470.812 ; gain = 585.137
---------------------------------------------------------------------------------
---------------------------------------------------------------------------------
Start Renaming Generated Instances
---------------------------------------------------------------------------------
---------------------------------------------------------------------------------
Finished Renaming Generated Instances : Time (s): cpu = 00:01:01 ; elapsed = 00:01:10 . Memory (MB): peak = 1470.812 ; gain = 585.137
---------------------------------------------------------------------------------
---------------------------------------------------------------------------------
Start Rebuilding User Hierarchy
---------------------------------------------------------------------------------
---------------------------------------------------------------------------------
Finished Rebuilding User Hierarchy : Time (s): cpu = 00:01:01 ; elapsed = 00:01:10 . Memory (MB): peak = 1470.812 ; gain = 585.137
---------------------------------------------------------------------------------
---------------------------------------------------------------------------------
Start Renaming Generated Ports
---------------------------------------------------------------------------------
---------------------------------------------------------------------------------
Finished Renaming Generated Ports : Time (s): cpu = 00:01:01 ; elapsed = 00:01:10 . Memory (MB): peak = 1470.812 ; gain = 585.137
---------------------------------------------------------------------------------
---------------------------------------------------------------------------------
Start Handling Custom Attributes
---------------------------------------------------------------------------------
---------------------------------------------------------------------------------
Finished Handling Custom Attributes : Time (s): cpu = 00:01:01 ; elapsed = 00:01:10 . Memory (MB): peak = 1470.812 ; gain = 585.137
---------------------------------------------------------------------------------
---------------------------------------------------------------------------------
Start Renaming Generated Nets
---------------------------------------------------------------------------------
---------------------------------------------------------------------------------
Finished Renaming Generated Nets : Time (s): cpu = 00:01:01 ; elapsed = 00:01:10 . Memory (MB): peak = 1470.812 ; gain = 585.137
---------------------------------------------------------------------------------
---------------------------------------------------------------------------------
Start Writing Synthesis Report
---------------------------------------------------------------------------------

Report BlackBoxes: 
+-+--------------+----------+
| |BlackBox name |Instances |
+-+--------------+----------+
+-+--------------+----------+

Report Cell Usage: 
+------+-----------+------+
|      |Cell       |Count |
+------+-----------+------+
|1     |BUFG       |     2|
|2     |LUT1       |     1|
|3     |MMCME2_ADV |     1|
|4     |IBUF       |     1|
+------+-----------+------+
---------------------------------------------------------------------------------
Finished Writing Synthesis Report : Time (s): cpu = 00:01:01 ; elapsed = 00:01:10 . Memory (MB): peak = 1470.812 ; gain = 585.137
---------------------------------------------------------------------------------
Synthesis finished with 0 errors, 0 critical warnings and 1 warnings.
Synthesis Optimization Runtime : Time (s): cpu = 00:00:42 ; elapsed = 00:01:07 . Memory (MB): peak = 1470.812 ; gain = 550.891
Synthesis Optimization Complete : Time (s): cpu = 00:01:02 ; elapsed = 00:01:11 . Memory (MB): peak = 1470.812 ; gain = 585.137
INFO: [Project 1-571] Translating synthesized netlist
Netlist sorting complete. Time (s): cpu = 00:00:00 ; elapsed = 00:00:00 . Memory (MB): peak = 1470.812 ; gain = 0.000
INFO: [Netlist 29-17] Analyzing 1 Unisim elements for replacement
INFO: [Netlist 29-28] Unisim Transformation completed in 0 CPU seconds
INFO: [Project 1-570] Preparing netlist for logic optimization
INFO: [Opt 31-138] Pushed 0 inverter(s) to 0 load pin(s).
Netlist sorting complete. Time (s): cpu = 00:00:00 ; elapsed = 00:00:00 . Memory (MB): peak = 1470.812 ; gain = 0.000
INFO: [Project 1-111] Unisim Transformation Summary:
No Unisim elements were transformed.

The system cannot find the path specified.
Synth Design complete | Checksum: 62258db4
INFO: [Common 17-83] Releasing license: Synthesis
33 Infos, 2 Warnings, 0 Critical Warnings and 0 Errors encountered.
synth_design completed successfully
synth_design: Time (s): cpu = 00:01:10 ; elapsed = 00:01:23 . Memory (MB): peak = 1470.812 ; gain = 993.340
Write ShapeDB Complete: Time (s): cpu = 00:00:00 ; elapsed = 00:00:00.031 . Memory (MB): peak = 1470.812 ; gain = 0.000
INFO: [Common 17-1381] The checkpoint 'C:/Users/Kashif/Desktop/WS2024/EMP 2/LAB/PROJECT/Microblaze_and_other_IPs.runs/PMOD_IPs_clk_wiz_1_1_synth_1/PMOD_IPs_clk_wiz_1_1.dcp' has been generated.
INFO: [Coretcl 2-1648] Added synthesis output to IP cache for IP PMOD_IPs_clk_wiz_1_1, cache-ID = 4a0d80186e4fd3d8
Write ShapeDB Complete: Time (s): cpu = 00:00:00 ; elapsed = 00:00:00.001 . Memory (MB): peak = 1470.812 ; gain = 0.000
INFO: [Common 17-1381] The checkpoint 'C:/Users/Kashif/Desktop/WS2024/EMP 2/LAB/PROJECT/Microblaze_and_other_IPs.runs/PMOD_IPs_clk_wiz_1_1_synth_1/PMOD_IPs_clk_wiz_1_1.dcp' has been generated.
INFO: [runtcl-4] Executing : report_utilization -file PMOD_IPs_clk_wiz_1_1_utilization_synth.rpt -pb PMOD_IPs_clk_wiz_1_1_utilization_synth.pb
INFO: [Common 17-206] Exiting Vivado at Wed Nov 20 21:40:39 2024...
