
*** Running vivado
    with args -log FourBitAdder_OneBitAdder_0_1.vds -m64 -product Vivado -mode batch -messageDb vivado.pb -notrace -source FourBitAdder_OneBitAdder_0_1.tcl


ECHO is off.
ECHO is off.

****** Vivado v2023.1 (64-bit)
  **** SW Build 3865809 on Sun May  7 15:05:29 MDT 2023
  **** IP Build 3864474 on Sun May  7 20:36:21 MDT 2023
  **** SharedData Build 3865790 on Sun May 07 13:33:03 MDT 2023
    ** Copyright 1986-2022 Xilinx, Inc. All Rights Reserved.
    ** Copyright 2022-2023 Advanced Micro Devices, Inc. All Rights Reserved.

source FourBitAdder_OneBitAdder_0_1.tcl -notrace
create_project: Time (s): cpu = 00:00:13 ; elapsed = 00:00:15 . Memory (MB): peak = 439.305 ; gain = 165.371
INFO: [IP_Flow 19-234] Refreshing IP repositories
INFO: [IP_Flow 19-1700] Loaded user IP repository 'c:/FullAdder/OneBitAdderIP'.
INFO: [IP_Flow 19-2313] Loaded Vivado IP repository 'C:/Xilinx/Vivado/2023.1/data/ip'.
INFO: [IP_Flow 19-6924] IPCACHE: Running cache check for IP inst: FourBitAdder_OneBitAdder_0_1
INFO: [IP_Flow 19-6922] IPCACHE: Exporting cached entry f7989948c856c744 to dir: C:/FullAdder/Task1_ADDER/Task1_ADDER.runs/FourBitAdder_OneBitAdder_0_1_synth_1
INFO: [IP_Flow 19-6928] IPCACHE: copied cached file c:/FullAdder/Task1_ADDER/Task1_ADDER.cache/ip/2023.1/f/7/f7989948c856c744/FourBitAdder_OneBitAdder_0_0.dcp to C:/FullAdder/Task1_ADDER/Task1_ADDER.runs/FourBitAdder_OneBitAdder_0_1_synth_1/FourBitAdder_OneBitAdder_0_1.dcp.
INFO: [IP_Flow 19-6928] IPCACHE: copied cached file c:/FullAdder/Task1_ADDER/Task1_ADDER.cache/ip/2023.1/f/7/f7989948c856c744/FourBitAdder_OneBitAdder_0_0_sim_netlist.v to C:/FullAdder/Task1_ADDER/Task1_ADDER.runs/FourBitAdder_OneBitAdder_0_1_synth_1/FourBitAdder_OneBitAdder_0_1_sim_netlist.v.
INFO: [IP_Flow 19-6928] IPCACHE: copied cached file c:/FullAdder/Task1_ADDER/Task1_ADDER.cache/ip/2023.1/f/7/f7989948c856c744/FourBitAdder_OneBitAdder_0_0_sim_netlist.vhdl to C:/FullAdder/Task1_ADDER/Task1_ADDER.runs/FourBitAdder_OneBitAdder_0_1_synth_1/FourBitAdder_OneBitAdder_0_1_sim_netlist.vhdl.
INFO: [IP_Flow 19-6928] IPCACHE: copied cached file c:/FullAdder/Task1_ADDER/Task1_ADDER.cache/ip/2023.1/f/7/f7989948c856c744/FourBitAdder_OneBitAdder_0_0_stub.v to C:/FullAdder/Task1_ADDER/Task1_ADDER.runs/FourBitAdder_OneBitAdder_0_1_synth_1/FourBitAdder_OneBitAdder_0_1_stub.v.
INFO: [IP_Flow 19-6928] IPCACHE: copied cached file c:/FullAdder/Task1_ADDER/Task1_ADDER.cache/ip/2023.1/f/7/f7989948c856c744/FourBitAdder_OneBitAdder_0_0_stub.vhdl to C:/FullAdder/Task1_ADDER/Task1_ADDER.runs/FourBitAdder_OneBitAdder_0_1_synth_1/FourBitAdder_OneBitAdder_0_1_stub.vhdl.
INFO: [IP_Flow 19-4838] Using cached IP synthesis design for IP FourBitAdder_OneBitAdder_0_1, cache-ID = f7989948c856c744.
INFO: [Common 17-206] Exiting Vivado at Wed Nov 13 22:40:52 2024...
