
*** Running vivado
    with args -log try_5_at_wrapper.vds -m64 -product Vivado -mode batch -messageDb vivado.pb -notrace -source try_5_at_wrapper.tcl



****** Vivado v2023.2 (64-bit)
  **** SW Build 4029153 on Fri Oct 13 20:14:34 MDT 2023
  **** IP Build 4028589 on Sat Oct 14 00:45:43 MDT 2023
  **** SharedData Build 4025554 on Tue Oct 10 17:18:54 MDT 2023
    ** Copyright 1986-2022 Xilinx, Inc. All Rights Reserved.
    ** Copyright 2022-2023 Advanced Micro Devices, Inc. All Rights Reserved.

source try_5_at_wrapper.tcl -notrace
create_project: Time (s): cpu = 00:00:03 ; elapsed = 00:00:07 . Memory (MB): peak = 563.602 ; gain = 214.094
INFO: [IP_Flow 19-234] Refreshing IP repositories
INFO: [IP_Flow 19-1700] Loaded user IP repository 'c:/Xilinx/Vivado/2023.2/data/vivado-library-master'.
INFO: [IP_Flow 19-2313] Loaded Vivado IP repository 'C:/Xilinx/Vivado/2023.2/data/ip'.
Command: read_checkpoint -auto_incremental -incremental C:/Users/kapug/try_5_hello_world/try_5_hello_world.srcs/utils_1/imports/synth_1/try_5_at_wrapper.dcp
INFO: [Vivado 12-5825] Read reference checkpoint from C:/Users/kapug/try_5_hello_world/try_5_hello_world.srcs/utils_1/imports/synth_1/try_5_at_wrapper.dcp for incremental synthesis
INFO: [Vivado 12-7989] Please ensure there are no constraint changes
Command: synth_design -top try_5_at_wrapper -part xc7a100tcsg324-1
Starting synth_design
Attempting to get a license for feature 'Synthesis' and/or device 'xc7a100t'
INFO: [Common 17-349] Got license for feature 'Synthesis' and/or device 'xc7a100t'
INFO: [Device 21-403] Loading part xc7a100tcsg324-1
INFO: [Designutils 20-5440] No compile time benefit to using incremental synthesis; A full resynthesis will be run
INFO: [Designutils 20-4379] Flow is switching to default flow due to incremental criteria not met. If you would like to alter this behaviour and have the flow terminate instead, please set the following parameter config_implementation {autoIncr.Synth.RejectBehavior Terminate}
INFO: [Synth 8-7079] Multithreading enabled for synth_design using a maximum of 2 processes.
INFO: [Synth 8-7078] Launching helper process for spawning children vivado processes
INFO: [Synth 8-7075] Helper process launched with PID 89776
---------------------------------------------------------------------------------
Starting RTL Elaboration : Time (s): cpu = 00:00:01 ; elapsed = 00:00:04 . Memory (MB): peak = 1465.938 ; gain = 440.211
---------------------------------------------------------------------------------
INFO: [Synth 8-638] synthesizing module 'try_5_at_wrapper' [c:/Users/kapug/try_5_hello_world/try_5_hello_world.gen/sources_1/bd/try_5_at/hdl/try_5_at_wrapper.vhd:25]
INFO: [Synth 8-3491] module 'try_5_at' declared at 'c:/Users/kapug/try_5_hello_world/try_5_hello_world.gen/sources_1/bd/try_5_at/synth/try_5_at.vhd:1584' bound to instance 'try_5_at_i' of component 'try_5_at' [c:/Users/kapug/try_5_hello_world/try_5_hello_world.gen/sources_1/bd/try_5_at/hdl/try_5_at_wrapper.vhd:36]
INFO: [Synth 8-638] synthesizing module 'try_5_at' [c:/Users/kapug/try_5_hello_world/try_5_hello_world.gen/sources_1/bd/try_5_at/synth/try_5_at.vhd:1598]
INFO: [Synth 8-3491] module 'try_5_at_axi_gpio_0_0' declared at 'C:/Users/kapug/try_5_hello_world/try_5_hello_world.runs/synth_1/.Xil/Vivado-89920-MSI/realtime/try_5_at_axi_gpio_0_0_stub.vhdl:6' bound to instance 'axi_gpio_0' of component 'try_5_at_axi_gpio_0_0' [c:/Users/kapug/try_5_hello_world/try_5_hello_world.gen/sources_1/bd/try_5_at/synth/try_5_at.vhd:1912]
INFO: [Synth 8-638] synthesizing module 'try_5_at_axi_gpio_0_0' [C:/Users/kapug/try_5_hello_world/try_5_hello_world.runs/synth_1/.Xil/Vivado-89920-MSI/realtime/try_5_at_axi_gpio_0_0_stub.vhdl:32]
INFO: [Synth 8-3491] module 'try_5_at_axi_uartlite_0_2' declared at 'C:/Users/kapug/try_5_hello_world/try_5_hello_world.runs/synth_1/.Xil/Vivado-89920-MSI/realtime/try_5_at_axi_uartlite_0_2_stub.vhdl:6' bound to instance 'axi_uartlite_0' of component 'try_5_at_axi_uartlite_0_2' [c:/Users/kapug/try_5_hello_world/try_5_hello_world.gen/sources_1/bd/try_5_at/synth/try_5_at.vhd:1935]
INFO: [Synth 8-638] synthesizing module 'try_5_at_axi_uartlite_0_2' [C:/Users/kapug/try_5_hello_world/try_5_hello_world.runs/synth_1/.Xil/Vivado-89920-MSI/realtime/try_5_at_axi_uartlite_0_2_stub.vhdl:34]
INFO: [Synth 8-3491] module 'try_5_at_clk_wiz_1_2' declared at 'C:/Users/kapug/try_5_hello_world/try_5_hello_world.runs/synth_1/.Xil/Vivado-89920-MSI/realtime/try_5_at_clk_wiz_1_2_stub.vhdl:6' bound to instance 'clk_wiz_1' of component 'try_5_at_clk_wiz_1_2' [c:/Users/kapug/try_5_hello_world/try_5_hello_world.gen/sources_1/bd/try_5_at/synth/try_5_at.vhd:1960]
INFO: [Synth 8-638] synthesizing module 'try_5_at_clk_wiz_1_2' [C:/Users/kapug/try_5_hello_world/try_5_hello_world.runs/synth_1/.Xil/Vivado-89920-MSI/realtime/try_5_at_clk_wiz_1_2_stub.vhdl:16]
INFO: [Synth 8-3491] module 'try_5_at_mdm_1_2' declared at 'C:/Users/kapug/try_5_hello_world/try_5_hello_world.runs/synth_1/.Xil/Vivado-89920-MSI/realtime/try_5_at_mdm_1_2_stub.vhdl:6' bound to instance 'mdm_1' of component 'try_5_at_mdm_1_2' [c:/Users/kapug/try_5_hello_world/try_5_hello_world.gen/sources_1/bd/try_5_at/synth/try_5_at.vhd:1967]
INFO: [Synth 8-638] synthesizing module 'try_5_at_mdm_1_2' [C:/Users/kapug/try_5_hello_world/try_5_hello_world.runs/synth_1/.Xil/Vivado-89920-MSI/realtime/try_5_at_mdm_1_2_stub.vhdl:22]
INFO: [Synth 8-3491] module 'try_5_at_microblaze_0_2' declared at 'C:/Users/kapug/try_5_hello_world/try_5_hello_world.runs/synth_1/.Xil/Vivado-89920-MSI/realtime/try_5_at_microblaze_0_2_stub.vhdl:6' bound to instance 'microblaze_0' of component 'try_5_at_microblaze_0_2' [c:/Users/kapug/try_5_hello_world/try_5_hello_world.gen/sources_1/bd/try_5_at/synth/try_5_at.vhd:1980]
INFO: [Synth 8-638] synthesizing module 'try_5_at_microblaze_0_2' [C:/Users/kapug/try_5_hello_world/try_5_hello_world.runs/synth_1/.Xil/Vivado-89920-MSI/realtime/try_5_at_microblaze_0_2_stub.vhdl:64]
INFO: [Synth 8-3491] module 'try_5_at_microblaze_0_axi_intc_1' declared at 'C:/Users/kapug/try_5_hello_world/try_5_hello_world.runs/synth_1/.Xil/Vivado-89920-MSI/realtime/try_5_at_microblaze_0_axi_intc_1_stub.vhdl:6' bound to instance 'microblaze_0_axi_intc' of component 'try_5_at_microblaze_0_axi_intc_1' [c:/Users/kapug/try_5_hello_world/try_5_hello_world.gen/sources_1/bd/try_5_at/synth/try_5_at.vhd:2066]
INFO: [Synth 8-638] synthesizing module 'try_5_at_microblaze_0_axi_intc_1' [C:/Users/kapug/try_5_hello_world/try_5_hello_world.runs/synth_1/.Xil/Vivado-89920-MSI/realtime/try_5_at_microblaze_0_axi_intc_1_stub.vhdl:37]
INFO: [Synth 8-638] synthesizing module 'try_5_at_microblaze_0_axi_periph_2' [c:/Users/kapug/try_5_hello_world/try_5_hello_world.gen/sources_1/bd/try_5_at/synth/try_5_at.vhd:1072]
INFO: [Synth 8-638] synthesizing module 'm00_couplers_imp_LHVR8B' [c:/Users/kapug/try_5_hello_world/try_5_hello_world.gen/sources_1/bd/try_5_at/synth/try_5_at.vhd:58]
INFO: [Synth 8-256] done synthesizing module 'm00_couplers_imp_LHVR8B' (0#1) [c:/Users/kapug/try_5_hello_world/try_5_hello_world.gen/sources_1/bd/try_5_at/synth/try_5_at.vhd:58]
INFO: [Synth 8-638] synthesizing module 'm01_couplers_imp_18ZV9TM' [c:/Users/kapug/try_5_hello_world/try_5_hello_world.gen/sources_1/bd/try_5_at/synth/try_5_at.vhd:159]
INFO: [Synth 8-256] done synthesizing module 'm01_couplers_imp_18ZV9TM' (0#1) [c:/Users/kapug/try_5_hello_world/try_5_hello_world.gen/sources_1/bd/try_5_at/synth/try_5_at.vhd:159]
INFO: [Synth 8-638] synthesizing module 'm02_couplers_imp_K5YPLK' [c:/Users/kapug/try_5_hello_world/try_5_hello_world.gen/sources_1/bd/try_5_at/synth/try_5_at.vhd:260]
INFO: [Synth 8-256] done synthesizing module 'm02_couplers_imp_K5YPLK' (0#1) [c:/Users/kapug/try_5_hello_world/try_5_hello_world.gen/sources_1/bd/try_5_at/synth/try_5_at.vhd:260]
INFO: [Synth 8-638] synthesizing module 's00_couplers_imp_1E0QTP5' [c:/Users/kapug/try_5_hello_world/try_5_hello_world.gen/sources_1/bd/try_5_at/synth/try_5_at.vhd:923]
INFO: [Synth 8-256] done synthesizing module 's00_couplers_imp_1E0QTP5' (0#1) [c:/Users/kapug/try_5_hello_world/try_5_hello_world.gen/sources_1/bd/try_5_at/synth/try_5_at.vhd:923]
INFO: [Synth 8-3491] module 'try_5_at_xbar_2' declared at 'C:/Users/kapug/try_5_hello_world/try_5_hello_world.runs/synth_1/.Xil/Vivado-89920-MSI/realtime/try_5_at_xbar_2_stub.vhdl:6' bound to instance 'xbar' of component 'try_5_at_xbar_2' [c:/Users/kapug/try_5_hello_world/try_5_hello_world.gen/sources_1/bd/try_5_at/synth/try_5_at.vhd:1502]
INFO: [Synth 8-638] synthesizing module 'try_5_at_xbar_2' [C:/Users/kapug/try_5_hello_world/try_5_hello_world.runs/synth_1/.Xil/Vivado-89920-MSI/realtime/try_5_at_xbar_2_stub.vhdl:52]
INFO: [Synth 8-256] done synthesizing module 'try_5_at_microblaze_0_axi_periph_2' (0#1) [c:/Users/kapug/try_5_hello_world/try_5_hello_world.gen/sources_1/bd/try_5_at/synth/try_5_at.vhd:1072]
INFO: [Synth 8-638] synthesizing module 'microblaze_0_local_memory_imp_170QGGV' [c:/Users/kapug/try_5_hello_world/try_5_hello_world.gen/sources_1/bd/try_5_at/synth/try_5_at.vhd:344]
INFO: [Synth 8-3491] module 'try_5_at_dlmb_bram_if_cntlr_2' declared at 'C:/Users/kapug/try_5_hello_world/try_5_hello_world.runs/synth_1/.Xil/Vivado-89920-MSI/realtime/try_5_at_dlmb_bram_if_cntlr_2_stub.vhdl:6' bound to instance 'dlmb_bram_if_cntlr' of component 'try_5_at_dlmb_bram_if_cntlr_2' [c:/Users/kapug/try_5_hello_world/try_5_hello_world.gen/sources_1/bd/try_5_at/synth/try_5_at.vhd:558]
INFO: [Synth 8-638] synthesizing module 'try_5_at_dlmb_bram_if_cntlr_2' [C:/Users/kapug/try_5_hello_world/try_5_hello_world.runs/synth_1/.Xil/Vivado-89920-MSI/realtime/try_5_at_dlmb_bram_if_cntlr_2_stub.vhdl:32]
INFO: [Synth 8-3491] module 'try_5_at_dlmb_v10_2' declared at 'C:/Users/kapug/try_5_hello_world/try_5_hello_world.runs/synth_1/.Xil/Vivado-89920-MSI/realtime/try_5_at_dlmb_v10_2_stub.vhdl:6' bound to instance 'dlmb_v10' of component 'try_5_at_dlmb_v10_2' [c:/Users/kapug/try_5_hello_world/try_5_hello_world.gen/sources_1/bd/try_5_at/synth/try_5_at.vhd:612]
INFO: [Synth 8-638] synthesizing module 'try_5_at_dlmb_v10_2' [C:/Users/kapug/try_5_hello_world/try_5_hello_world.runs/synth_1/.Xil/Vivado-89920-MSI/realtime/try_5_at_dlmb_v10_2_stub.vhdl:37]
INFO: [Synth 8-3491] module 'try_5_at_ilmb_bram_if_cntlr_2' declared at 'C:/Users/kapug/try_5_hello_world/try_5_hello_world.runs/synth_1/.Xil/Vivado-89920-MSI/realtime/try_5_at_ilmb_bram_if_cntlr_2_stub.vhdl:6' bound to instance 'ilmb_bram_if_cntlr' of component 'try_5_at_ilmb_bram_if_cntlr_2' [c:/Users/kapug/try_5_hello_world/try_5_hello_world.gen/sources_1/bd/try_5_at/synth/try_5_at.vhd:640]
INFO: [Synth 8-638] synthesizing module 'try_5_at_ilmb_bram_if_cntlr_2' [C:/Users/kapug/try_5_hello_world/try_5_hello_world.runs/synth_1/.Xil/Vivado-89920-MSI/realtime/try_5_at_ilmb_bram_if_cntlr_2_stub.vhdl:32]
INFO: [Synth 8-3491] module 'try_5_at_ilmb_v10_2' declared at 'C:/Users/kapug/try_5_hello_world/try_5_hello_world.runs/synth_1/.Xil/Vivado-89920-MSI/realtime/try_5_at_ilmb_v10_2_stub.vhdl:6' bound to instance 'ilmb_v10' of component 'try_5_at_ilmb_v10_2' [c:/Users/kapug/try_5_hello_world/try_5_hello_world.gen/sources_1/bd/try_5_at/synth/try_5_at.vhd:694]
INFO: [Synth 8-638] synthesizing module 'try_5_at_ilmb_v10_2' [C:/Users/kapug/try_5_hello_world/try_5_hello_world.runs/synth_1/.Xil/Vivado-89920-MSI/realtime/try_5_at_ilmb_v10_2_stub.vhdl:37]
INFO: [Synth 8-3491] module 'try_5_at_lmb_bram_2' declared at 'C:/Users/kapug/try_5_hello_world/try_5_hello_world.runs/synth_1/.Xil/Vivado-89920-MSI/realtime/try_5_at_lmb_bram_2_stub.vhdl:6' bound to instance 'lmb_bram' of component 'try_5_at_lmb_bram_2' [c:/Users/kapug/try_5_hello_world/try_5_hello_world.gen/sources_1/bd/try_5_at/synth/try_5_at.vhd:722]
INFO: [Synth 8-638] synthesizing module 'try_5_at_lmb_bram_2' [C:/Users/kapug/try_5_hello_world/try_5_hello_world.runs/synth_1/.Xil/Vivado-89920-MSI/realtime/try_5_at_lmb_bram_2_stub.vhdl:28]
INFO: [Synth 8-256] done synthesizing module 'microblaze_0_local_memory_imp_170QGGV' (0#1) [c:/Users/kapug/try_5_hello_world/try_5_hello_world.gen/sources_1/bd/try_5_at/synth/try_5_at.vhd:344]
INFO: [Synth 8-3491] module 'try_5_at_microblaze_0_xlconcat_1' declared at 'c:/Users/kapug/try_5_hello_world/try_5_hello_world.gen/sources_1/bd/try_5_at/ip/try_5_at_microblaze_0_xlconcat_1/synth/try_5_at_microblaze_0_xlconcat_1.v:53' bound to instance 'microblaze_0_xlconcat' of component 'try_5_at_microblaze_0_xlconcat_1' [c:/Users/kapug/try_5_hello_world/try_5_hello_world.gen/sources_1/bd/try_5_at/synth/try_5_at.vhd:2202]
INFO: [Synth 8-6157] synthesizing module 'try_5_at_microblaze_0_xlconcat_1' [c:/Users/kapug/try_5_hello_world/try_5_hello_world.gen/sources_1/bd/try_5_at/ip/try_5_at_microblaze_0_xlconcat_1/synth/try_5_at_microblaze_0_xlconcat_1.v:53]
INFO: [Synth 8-6157] synthesizing module 'xlconcat_v2_1_5_xlconcat' [c:/Users/kapug/try_5_hello_world/try_5_hello_world.gen/sources_1/bd/try_5_at/ipshared/147b/hdl/xlconcat_v2_1_vl_rfs.v:59]
INFO: [Synth 8-6155] done synthesizing module 'xlconcat_v2_1_5_xlconcat' (0#1) [c:/Users/kapug/try_5_hello_world/try_5_hello_world.gen/sources_1/bd/try_5_at/ipshared/147b/hdl/xlconcat_v2_1_vl_rfs.v:59]
INFO: [Synth 8-6155] done synthesizing module 'try_5_at_microblaze_0_xlconcat_1' (0#1) [c:/Users/kapug/try_5_hello_world/try_5_hello_world.gen/sources_1/bd/try_5_at/ip/try_5_at_microblaze_0_xlconcat_1/synth/try_5_at_microblaze_0_xlconcat_1.v:53]
INFO: [Synth 8-3491] module 'try_5_at_rst_clk_wiz_1_100M_2' declared at 'C:/Users/kapug/try_5_hello_world/try_5_hello_world.runs/synth_1/.Xil/Vivado-89920-MSI/realtime/try_5_at_rst_clk_wiz_1_100M_2_stub.vhdl:6' bound to instance 'rst_clk_wiz_1_100M' of component 'try_5_at_rst_clk_wiz_1_100M_2' [c:/Users/kapug/try_5_hello_world/try_5_hello_world.gen/sources_1/bd/try_5_at/synth/try_5_at.vhd:2208]
INFO: [Synth 8-638] synthesizing module 'try_5_at_rst_clk_wiz_1_100M_2' [C:/Users/kapug/try_5_hello_world/try_5_hello_world.runs/synth_1/.Xil/Vivado-89920-MSI/realtime/try_5_at_rst_clk_wiz_1_100M_2_stub.vhdl:22]
INFO: [Synth 8-256] done synthesizing module 'try_5_at' (0#1) [c:/Users/kapug/try_5_hello_world/try_5_hello_world.gen/sources_1/bd/try_5_at/synth/try_5_at.vhd:1598]
INFO: [Synth 8-256] done synthesizing module 'try_5_at_wrapper' (0#1) [c:/Users/kapug/try_5_hello_world/try_5_hello_world.gen/sources_1/bd/try_5_at/hdl/try_5_at_wrapper.vhd:25]
WARNING: [Synth 8-7129] Port In2[0] in module xlconcat_v2_1_5_xlconcat is either unconnected or has no load
WARNING: [Synth 8-7129] Port In3[0] in module xlconcat_v2_1_5_xlconcat is either unconnected or has no load
WARNING: [Synth 8-7129] Port In4[0] in module xlconcat_v2_1_5_xlconcat is either unconnected or has no load
WARNING: [Synth 8-7129] Port In5[0] in module xlconcat_v2_1_5_xlconcat is either unconnected or has no load
WARNING: [Synth 8-7129] Port In6[0] in module xlconcat_v2_1_5_xlconcat is either unconnected or has no load
WARNING: [Synth 8-7129] Port In7[0] in module xlconcat_v2_1_5_xlconcat is either unconnected or has no load
WARNING: [Synth 8-7129] Port In8[0] in module xlconcat_v2_1_5_xlconcat is either unconnected or has no load
WARNING: [Synth 8-7129] Port In9[0] in module xlconcat_v2_1_5_xlconcat is either unconnected or has no load
WARNING: [Synth 8-7129] Port In10[0] in module xlconcat_v2_1_5_xlconcat is either unconnected or has no load
WARNING: [Synth 8-7129] Port In11[0] in module xlconcat_v2_1_5_xlconcat is either unconnected or has no load
WARNING: [Synth 8-7129] Port In12[0] in module xlconcat_v2_1_5_xlconcat is either unconnected or has no load
WARNING: [Synth 8-7129] Port In13[0] in module xlconcat_v2_1_5_xlconcat is either unconnected or has no load
WARNING: [Synth 8-7129] Port In14[0] in module xlconcat_v2_1_5_xlconcat is either unconnected or has no load
WARNING: [Synth 8-7129] Port In15[0] in module xlconcat_v2_1_5_xlconcat is either unconnected or has no load
WARNING: [Synth 8-7129] Port In16[0] in module xlconcat_v2_1_5_xlconcat is either unconnected or has no load
WARNING: [Synth 8-7129] Port In17[0] in module xlconcat_v2_1_5_xlconcat is either unconnected or has no load
WARNING: [Synth 8-7129] Port In18[0] in module xlconcat_v2_1_5_xlconcat is either unconnected or has no load
WARNING: [Synth 8-7129] Port In19[0] in module xlconcat_v2_1_5_xlconcat is either unconnected or has no load
WARNING: [Synth 8-7129] Port In20[0] in module xlconcat_v2_1_5_xlconcat is either unconnected or has no load
WARNING: [Synth 8-7129] Port In21[0] in module xlconcat_v2_1_5_xlconcat is either unconnected or has no load
WARNING: [Synth 8-7129] Port In22[0] in module xlconcat_v2_1_5_xlconcat is either unconnected or has no load
WARNING: [Synth 8-7129] Port In23[0] in module xlconcat_v2_1_5_xlconcat is either unconnected or has no load
WARNING: [Synth 8-7129] Port In24[0] in module xlconcat_v2_1_5_xlconcat is either unconnected or has no load
WARNING: [Synth 8-7129] Port In25[0] in module xlconcat_v2_1_5_xlconcat is either unconnected or has no load
WARNING: [Synth 8-7129] Port In26[0] in module xlconcat_v2_1_5_xlconcat is either unconnected or has no load
WARNING: [Synth 8-7129] Port In27[0] in module xlconcat_v2_1_5_xlconcat is either unconnected or has no load
WARNING: [Synth 8-7129] Port In28[0] in module xlconcat_v2_1_5_xlconcat is either unconnected or has no load
WARNING: [Synth 8-7129] Port In29[0] in module xlconcat_v2_1_5_xlconcat is either unconnected or has no load
WARNING: [Synth 8-7129] Port In30[0] in module xlconcat_v2_1_5_xlconcat is either unconnected or has no load
WARNING: [Synth 8-7129] Port In31[0] in module xlconcat_v2_1_5_xlconcat is either unconnected or has no load
WARNING: [Synth 8-7129] Port In32[0] in module xlconcat_v2_1_5_xlconcat is either unconnected or has no load
WARNING: [Synth 8-7129] Port In33[0] in module xlconcat_v2_1_5_xlconcat is either unconnected or has no load
WARNING: [Synth 8-7129] Port In34[0] in module xlconcat_v2_1_5_xlconcat is either unconnected or has no load
WARNING: [Synth 8-7129] Port In35[0] in module xlconcat_v2_1_5_xlconcat is either unconnected or has no load
WARNING: [Synth 8-7129] Port In36[0] in module xlconcat_v2_1_5_xlconcat is either unconnected or has no load
WARNING: [Synth 8-7129] Port In37[0] in module xlconcat_v2_1_5_xlconcat is either unconnected or has no load
WARNING: [Synth 8-7129] Port In38[0] in module xlconcat_v2_1_5_xlconcat is either unconnected or has no load
WARNING: [Synth 8-7129] Port In39[0] in module xlconcat_v2_1_5_xlconcat is either unconnected or has no load
WARNING: [Synth 8-7129] Port In40[0] in module xlconcat_v2_1_5_xlconcat is either unconnected or has no load
WARNING: [Synth 8-7129] Port In41[0] in module xlconcat_v2_1_5_xlconcat is either unconnected or has no load
WARNING: [Synth 8-7129] Port In42[0] in module xlconcat_v2_1_5_xlconcat is either unconnected or has no load
WARNING: [Synth 8-7129] Port In43[0] in module xlconcat_v2_1_5_xlconcat is either unconnected or has no load
WARNING: [Synth 8-7129] Port In44[0] in module xlconcat_v2_1_5_xlconcat is either unconnected or has no load
WARNING: [Synth 8-7129] Port In45[0] in module xlconcat_v2_1_5_xlconcat is either unconnected or has no load
WARNING: [Synth 8-7129] Port In46[0] in module xlconcat_v2_1_5_xlconcat is either unconnected or has no load
WARNING: [Synth 8-7129] Port In47[0] in module xlconcat_v2_1_5_xlconcat is either unconnected or has no load
WARNING: [Synth 8-7129] Port In48[0] in module xlconcat_v2_1_5_xlconcat is either unconnected or has no load
WARNING: [Synth 8-7129] Port In49[0] in module xlconcat_v2_1_5_xlconcat is either unconnected or has no load
WARNING: [Synth 8-7129] Port In50[0] in module xlconcat_v2_1_5_xlconcat is either unconnected or has no load
WARNING: [Synth 8-7129] Port In51[0] in module xlconcat_v2_1_5_xlconcat is either unconnected or has no load
WARNING: [Synth 8-7129] Port In52[0] in module xlconcat_v2_1_5_xlconcat is either unconnected or has no load
WARNING: [Synth 8-7129] Port In53[0] in module xlconcat_v2_1_5_xlconcat is either unconnected or has no load
WARNING: [Synth 8-7129] Port In54[0] in module xlconcat_v2_1_5_xlconcat is either unconnected or has no load
WARNING: [Synth 8-7129] Port In55[0] in module xlconcat_v2_1_5_xlconcat is either unconnected or has no load
WARNING: [Synth 8-7129] Port In56[0] in module xlconcat_v2_1_5_xlconcat is either unconnected or has no load
WARNING: [Synth 8-7129] Port In57[0] in module xlconcat_v2_1_5_xlconcat is either unconnected or has no load
WARNING: [Synth 8-7129] Port In58[0] in module xlconcat_v2_1_5_xlconcat is either unconnected or has no load
WARNING: [Synth 8-7129] Port In59[0] in module xlconcat_v2_1_5_xlconcat is either unconnected or has no load
WARNING: [Synth 8-7129] Port In60[0] in module xlconcat_v2_1_5_xlconcat is either unconnected or has no load
WARNING: [Synth 8-7129] Port In61[0] in module xlconcat_v2_1_5_xlconcat is either unconnected or has no load
WARNING: [Synth 8-7129] Port In62[0] in module xlconcat_v2_1_5_xlconcat is either unconnected or has no load
WARNING: [Synth 8-7129] Port In63[0] in module xlconcat_v2_1_5_xlconcat is either unconnected or has no load
WARNING: [Synth 8-7129] Port In64[0] in module xlconcat_v2_1_5_xlconcat is either unconnected or has no load
WARNING: [Synth 8-7129] Port In65[0] in module xlconcat_v2_1_5_xlconcat is either unconnected or has no load
WARNING: [Synth 8-7129] Port In66[0] in module xlconcat_v2_1_5_xlconcat is either unconnected or has no load
WARNING: [Synth 8-7129] Port In67[0] in module xlconcat_v2_1_5_xlconcat is either unconnected or has no load
WARNING: [Synth 8-7129] Port In68[0] in module xlconcat_v2_1_5_xlconcat is either unconnected or has no load
WARNING: [Synth 8-7129] Port In69[0] in module xlconcat_v2_1_5_xlconcat is either unconnected or has no load
WARNING: [Synth 8-7129] Port In70[0] in module xlconcat_v2_1_5_xlconcat is either unconnected or has no load
WARNING: [Synth 8-7129] Port In71[0] in module xlconcat_v2_1_5_xlconcat is either unconnected or has no load
WARNING: [Synth 8-7129] Port In72[0] in module xlconcat_v2_1_5_xlconcat is either unconnected or has no load
WARNING: [Synth 8-7129] Port In73[0] in module xlconcat_v2_1_5_xlconcat is either unconnected or has no load
WARNING: [Synth 8-7129] Port In74[0] in module xlconcat_v2_1_5_xlconcat is either unconnected or has no load
WARNING: [Synth 8-7129] Port In75[0] in module xlconcat_v2_1_5_xlconcat is either unconnected or has no load
WARNING: [Synth 8-7129] Port In76[0] in module xlconcat_v2_1_5_xlconcat is either unconnected or has no load
WARNING: [Synth 8-7129] Port In77[0] in module xlconcat_v2_1_5_xlconcat is either unconnected or has no load
WARNING: [Synth 8-7129] Port In78[0] in module xlconcat_v2_1_5_xlconcat is either unconnected or has no load
WARNING: [Synth 8-7129] Port In79[0] in module xlconcat_v2_1_5_xlconcat is either unconnected or has no load
WARNING: [Synth 8-7129] Port In80[0] in module xlconcat_v2_1_5_xlconcat is either unconnected or has no load
WARNING: [Synth 8-7129] Port In81[0] in module xlconcat_v2_1_5_xlconcat is either unconnected or has no load
WARNING: [Synth 8-7129] Port In82[0] in module xlconcat_v2_1_5_xlconcat is either unconnected or has no load
WARNING: [Synth 8-7129] Port In83[0] in module xlconcat_v2_1_5_xlconcat is either unconnected or has no load
WARNING: [Synth 8-7129] Port In84[0] in module xlconcat_v2_1_5_xlconcat is either unconnected or has no load
WARNING: [Synth 8-7129] Port In85[0] in module xlconcat_v2_1_5_xlconcat is either unconnected or has no load
WARNING: [Synth 8-7129] Port In86[0] in module xlconcat_v2_1_5_xlconcat is either unconnected or has no load
WARNING: [Synth 8-7129] Port In87[0] in module xlconcat_v2_1_5_xlconcat is either unconnected or has no load
WARNING: [Synth 8-7129] Port In88[0] in module xlconcat_v2_1_5_xlconcat is either unconnected or has no load
WARNING: [Synth 8-7129] Port In89[0] in module xlconcat_v2_1_5_xlconcat is either unconnected or has no load
WARNING: [Synth 8-7129] Port In90[0] in module xlconcat_v2_1_5_xlconcat is either unconnected or has no load
WARNING: [Synth 8-7129] Port In91[0] in module xlconcat_v2_1_5_xlconcat is either unconnected or has no load
WARNING: [Synth 8-7129] Port In92[0] in module xlconcat_v2_1_5_xlconcat is either unconnected or has no load
WARNING: [Synth 8-7129] Port In93[0] in module xlconcat_v2_1_5_xlconcat is either unconnected or has no load
WARNING: [Synth 8-7129] Port In94[0] in module xlconcat_v2_1_5_xlconcat is either unconnected or has no load
WARNING: [Synth 8-7129] Port In95[0] in module xlconcat_v2_1_5_xlconcat is either unconnected or has no load
WARNING: [Synth 8-7129] Port In96[0] in module xlconcat_v2_1_5_xlconcat is either unconnected or has no load
WARNING: [Synth 8-7129] Port In97[0] in module xlconcat_v2_1_5_xlconcat is either unconnected or has no load
WARNING: [Synth 8-7129] Port In98[0] in module xlconcat_v2_1_5_xlconcat is either unconnected or has no load
WARNING: [Synth 8-7129] Port In99[0] in module xlconcat_v2_1_5_xlconcat is either unconnected or has no load
WARNING: [Synth 8-7129] Port In100[0] in module xlconcat_v2_1_5_xlconcat is either unconnected or has no load
WARNING: [Synth 8-7129] Port In101[0] in module xlconcat_v2_1_5_xlconcat is either unconnected or has no load
INFO: [Common 17-14] Message 'Synth 8-7129' appears 100 times and further instances of the messages will be disabled. Use the Tcl command set_msg_config to change the current settings.
---------------------------------------------------------------------------------
Finished RTL Elaboration : Time (s): cpu = 00:00:02 ; elapsed = 00:00:06 . Memory (MB): peak = 1584.543 ; gain = 558.816
---------------------------------------------------------------------------------
---------------------------------------------------------------------------------
Start Handling Custom Attributes
---------------------------------------------------------------------------------
---------------------------------------------------------------------------------
Finished Handling Custom Attributes : Time (s): cpu = 00:00:02 ; elapsed = 00:00:06 . Memory (MB): peak = 1584.543 ; gain = 558.816
---------------------------------------------------------------------------------
---------------------------------------------------------------------------------
Finished RTL Optimization Phase 1 : Time (s): cpu = 00:00:02 ; elapsed = 00:00:06 . Memory (MB): peak = 1584.543 ; gain = 558.816
---------------------------------------------------------------------------------
Netlist sorting complete. Time (s): cpu = 00:00:00 ; elapsed = 00:00:00.020 . Memory (MB): peak = 1584.543 ; gain = 0.000
INFO: [Project 1-570] Preparing netlist for logic optimization

Processing XDC Constraints
Initializing timing engine
Parsing XDC File [c:/Users/kapug/try_5_hello_world/try_5_hello_world.gen/sources_1/bd/try_5_at/ip/try_5_at_microblaze_0_2/try_5_at_microblaze_0_2/try_5_at_microblaze_0_1_in_context.xdc] for cell 'try_5_at_i/microblaze_0'
Finished Parsing XDC File [c:/Users/kapug/try_5_hello_world/try_5_hello_world.gen/sources_1/bd/try_5_at/ip/try_5_at_microblaze_0_2/try_5_at_microblaze_0_2/try_5_at_microblaze_0_1_in_context.xdc] for cell 'try_5_at_i/microblaze_0'
Parsing XDC File [c:/Users/kapug/try_5_hello_world/try_5_hello_world.gen/sources_1/bd/try_5_at/ip/try_5_at_axi_uartlite_0_2/try_5_at_axi_uartlite_0_2/try_5_at_axi_uartlite_0_0_in_context.xdc] for cell 'try_5_at_i/axi_uartlite_0'
Finished Parsing XDC File [c:/Users/kapug/try_5_hello_world/try_5_hello_world.gen/sources_1/bd/try_5_at/ip/try_5_at_axi_uartlite_0_2/try_5_at_axi_uartlite_0_2/try_5_at_axi_uartlite_0_0_in_context.xdc] for cell 'try_5_at_i/axi_uartlite_0'
Parsing XDC File [c:/Users/kapug/try_5_hello_world/try_5_hello_world.gen/sources_1/bd/try_5_at/ip/try_5_at_dlmb_v10_2/try_5_at_dlmb_v10_2/try_5_at_ilmb_v10_0_in_context.xdc] for cell 'try_5_at_i/microblaze_0_local_memory/dlmb_v10'
Finished Parsing XDC File [c:/Users/kapug/try_5_hello_world/try_5_hello_world.gen/sources_1/bd/try_5_at/ip/try_5_at_dlmb_v10_2/try_5_at_dlmb_v10_2/try_5_at_ilmb_v10_0_in_context.xdc] for cell 'try_5_at_i/microblaze_0_local_memory/dlmb_v10'
Parsing XDC File [c:/Users/kapug/try_5_hello_world/try_5_hello_world.gen/sources_1/bd/try_5_at/ip/try_5_at_ilmb_v10_2/try_5_at_ilmb_v10_2/try_5_at_ilmb_v10_0_in_context.xdc] for cell 'try_5_at_i/microblaze_0_local_memory/ilmb_v10'
Finished Parsing XDC File [c:/Users/kapug/try_5_hello_world/try_5_hello_world.gen/sources_1/bd/try_5_at/ip/try_5_at_ilmb_v10_2/try_5_at_ilmb_v10_2/try_5_at_ilmb_v10_0_in_context.xdc] for cell 'try_5_at_i/microblaze_0_local_memory/ilmb_v10'
Parsing XDC File [c:/Users/kapug/try_5_hello_world/try_5_hello_world.gen/sources_1/bd/try_5_at/ip/try_5_at_dlmb_bram_if_cntlr_2/try_5_at_dlmb_bram_if_cntlr_2/try_5_at_dlmb_bram_if_cntlr_0_in_context.xdc] for cell 'try_5_at_i/microblaze_0_local_memory/dlmb_bram_if_cntlr'
Finished Parsing XDC File [c:/Users/kapug/try_5_hello_world/try_5_hello_world.gen/sources_1/bd/try_5_at/ip/try_5_at_dlmb_bram_if_cntlr_2/try_5_at_dlmb_bram_if_cntlr_2/try_5_at_dlmb_bram_if_cntlr_0_in_context.xdc] for cell 'try_5_at_i/microblaze_0_local_memory/dlmb_bram_if_cntlr'
Parsing XDC File [c:/Users/kapug/try_5_hello_world/try_5_hello_world.gen/sources_1/bd/try_5_at/ip/try_5_at_ilmb_bram_if_cntlr_2/try_5_at_ilmb_bram_if_cntlr_2/try_5_at_ilmb_bram_if_cntlr_0_in_context.xdc] for cell 'try_5_at_i/microblaze_0_local_memory/ilmb_bram_if_cntlr'
Finished Parsing XDC File [c:/Users/kapug/try_5_hello_world/try_5_hello_world.gen/sources_1/bd/try_5_at/ip/try_5_at_ilmb_bram_if_cntlr_2/try_5_at_ilmb_bram_if_cntlr_2/try_5_at_ilmb_bram_if_cntlr_0_in_context.xdc] for cell 'try_5_at_i/microblaze_0_local_memory/ilmb_bram_if_cntlr'
Parsing XDC File [c:/Users/kapug/try_5_hello_world/try_5_hello_world.gen/sources_1/bd/try_5_at/ip/try_5_at_lmb_bram_2/try_5_at_lmb_bram_2/try_5_at_lmb_bram_2_in_context.xdc] for cell 'try_5_at_i/microblaze_0_local_memory/lmb_bram'
Finished Parsing XDC File [c:/Users/kapug/try_5_hello_world/try_5_hello_world.gen/sources_1/bd/try_5_at/ip/try_5_at_lmb_bram_2/try_5_at_lmb_bram_2/try_5_at_lmb_bram_2_in_context.xdc] for cell 'try_5_at_i/microblaze_0_local_memory/lmb_bram'
Parsing XDC File [c:/Users/kapug/try_5_hello_world/try_5_hello_world.gen/sources_1/bd/try_5_at/ip/try_5_at_xbar_2/try_5_at_xbar_2/try_5_at_xbar_2_in_context.xdc] for cell 'try_5_at_i/microblaze_0_axi_periph/xbar'
Finished Parsing XDC File [c:/Users/kapug/try_5_hello_world/try_5_hello_world.gen/sources_1/bd/try_5_at/ip/try_5_at_xbar_2/try_5_at_xbar_2/try_5_at_xbar_2_in_context.xdc] for cell 'try_5_at_i/microblaze_0_axi_periph/xbar'
Parsing XDC File [c:/Users/kapug/try_5_hello_world/try_5_hello_world.gen/sources_1/bd/try_5_at/ip/try_5_at_microblaze_0_axi_intc_1/try_5_at_microblaze_0_axi_intc_1/try_5_at_microblaze_0_axi_intc_1_in_context.xdc] for cell 'try_5_at_i/microblaze_0_axi_intc'
Finished Parsing XDC File [c:/Users/kapug/try_5_hello_world/try_5_hello_world.gen/sources_1/bd/try_5_at/ip/try_5_at_microblaze_0_axi_intc_1/try_5_at_microblaze_0_axi_intc_1/try_5_at_microblaze_0_axi_intc_1_in_context.xdc] for cell 'try_5_at_i/microblaze_0_axi_intc'
Parsing XDC File [c:/Users/kapug/try_5_hello_world/try_5_hello_world.gen/sources_1/bd/try_5_at/ip/try_5_at_mdm_1_2/try_5_at_mdm_1_2/try_5_at_mdm_1_0_in_context.xdc] for cell 'try_5_at_i/mdm_1'
Finished Parsing XDC File [c:/Users/kapug/try_5_hello_world/try_5_hello_world.gen/sources_1/bd/try_5_at/ip/try_5_at_mdm_1_2/try_5_at_mdm_1_2/try_5_at_mdm_1_0_in_context.xdc] for cell 'try_5_at_i/mdm_1'
Parsing XDC File [c:/Users/kapug/try_5_hello_world/try_5_hello_world.gen/sources_1/bd/try_5_at/ip/try_5_at_clk_wiz_1_2/try_5_at_clk_wiz_1_2/try_5_at_clk_wiz_1_2_in_context.xdc] for cell 'try_5_at_i/clk_wiz_1'
Finished Parsing XDC File [c:/Users/kapug/try_5_hello_world/try_5_hello_world.gen/sources_1/bd/try_5_at/ip/try_5_at_clk_wiz_1_2/try_5_at_clk_wiz_1_2/try_5_at_clk_wiz_1_2_in_context.xdc] for cell 'try_5_at_i/clk_wiz_1'
Parsing XDC File [c:/Users/kapug/try_5_hello_world/try_5_hello_world.gen/sources_1/bd/try_5_at/ip/try_5_at_rst_clk_wiz_1_100M_2/try_5_at_rst_clk_wiz_1_100M_2/try_5_at_rst_clk_wiz_1_100M_0_in_context.xdc] for cell 'try_5_at_i/rst_clk_wiz_1_100M'
Finished Parsing XDC File [c:/Users/kapug/try_5_hello_world/try_5_hello_world.gen/sources_1/bd/try_5_at/ip/try_5_at_rst_clk_wiz_1_100M_2/try_5_at_rst_clk_wiz_1_100M_2/try_5_at_rst_clk_wiz_1_100M_0_in_context.xdc] for cell 'try_5_at_i/rst_clk_wiz_1_100M'
Parsing XDC File [c:/Users/kapug/try_5_hello_world/try_5_hello_world.gen/sources_1/bd/try_5_at/ip/try_5_at_axi_gpio_0_0/try_5_at_axi_gpio_0_0/try_5_at_axi_gpio_0_0_in_context.xdc] for cell 'try_5_at_i/axi_gpio_0'
Finished Parsing XDC File [c:/Users/kapug/try_5_hello_world/try_5_hello_world.gen/sources_1/bd/try_5_at/ip/try_5_at_axi_gpio_0_0/try_5_at_axi_gpio_0_0/try_5_at_axi_gpio_0_0_in_context.xdc] for cell 'try_5_at_i/axi_gpio_0'
Parsing XDC File [C:/Users/kapug/try_5_hello_world/try_5_hello_world.srcs/constrs_1/new/spi.xdc]
WARNING: [Vivado 12-508] No pins matched 'clock_sources/inst/mmcm_adv_inst/CLKOUT2'. [C:/Users/kapug/try_5_hello_world/try_5_hello_world.srcs/constrs_1/new/spi.xdc:1]
WARNING: [Vivado 12-584] No ports matched 'spi_sdi[*]'. [C:/Users/kapug/try_5_hello_world/try_5_hello_world.srcs/constrs_1/new/spi.xdc:3]
WARNING: [Vivado 12-646] clock 'sclk' not found. [C:/Users/kapug/try_5_hello_world/try_5_hello_world.srcs/constrs_1/new/spi.xdc:3]
WARNING: [Vivado 12-584] No ports matched 'spi_sdi[*]'. [C:/Users/kapug/try_5_hello_world/try_5_hello_world.srcs/constrs_1/new/spi.xdc:4]
WARNING: [Vivado 12-646] clock 'sclk' not found. [C:/Users/kapug/try_5_hello_world/try_5_hello_world.srcs/constrs_1/new/spi.xdc:4]
CRITICAL WARNING: [Designutils 20-970] Unrecognized or unsupported command 'set_output_delay -clock sclk -max 5.000 [get_ports {spi_cs]
set_output_delay -clock sclk -min -5.000 [get_ports {spi_cs}]' found in constraint file. [C:/Users/kapug/try_5_hello_world/try_5_hello_world.srcs/constrs_1/new/spi.xdc:6]
Finished Parsing XDC File [C:/Users/kapug/try_5_hello_world/try_5_hello_world.srcs/constrs_1/new/spi.xdc]
WARNING: [Project 1-498] One or more constraints failed evaluation while reading constraint file [C:/Users/kapug/try_5_hello_world/try_5_hello_world.srcs/constrs_1/new/spi.xdc] and the design contains unresolved black boxes. These constraints will be read post-synthesis (as long as their source constraint file is marked as used_in_implementation) and should be applied correctly then. You should review the constraints listed in the file [.Xil/try_5_at_wrapper_propImpl.xdc] and check the run log file to verify that these constraints were correctly applied.
Parsing XDC File [C:/Users/kapug/try_5_hello_world/try_5_hello_world.runs/synth_1/dont_touch.xdc]
Finished Parsing XDC File [C:/Users/kapug/try_5_hello_world/try_5_hello_world.runs/synth_1/dont_touch.xdc]
Completed Processing XDC Constraints

Netlist sorting complete. Time (s): cpu = 00:00:00 ; elapsed = 00:00:00 . Memory (MB): peak = 1584.543 ; gain = 0.000
INFO: [Project 1-111] Unisim Transformation Summary:
No Unisim elements were transformed.

The system cannot find the path specified.
Constraint Validation Runtime : Time (s): cpu = 00:00:00 ; elapsed = 00:00:00.005 . Memory (MB): peak = 1584.543 ; gain = 0.000
WARNING: [Timing 38-316] Clock period '20.000' specified during out-of-context synthesis of instance 'try_5_at_i/microblaze_0_local_memory/lmb_bram' at clock pin 'clka' is different from the actual clock period '10.000', this can lead to different synthesis results.
INFO: [Designutils 20-5440] No compile time benefit to using incremental synthesis; A full resynthesis will be run
INFO: [Designutils 20-4379] Flow is switching to default flow due to incremental criteria not met. If you would like to alter this behaviour and have the flow terminate instead, please set the following parameter config_implementation {autoIncr.Synth.RejectBehavior Terminate}
---------------------------------------------------------------------------------
Finished Constraint Validation : Time (s): cpu = 00:00:04 ; elapsed = 00:00:12 . Memory (MB): peak = 1585.543 ; gain = 559.816
---------------------------------------------------------------------------------
---------------------------------------------------------------------------------
Start Loading Part and Timing Information
---------------------------------------------------------------------------------
Loading part: xc7a100tcsg324-1
---------------------------------------------------------------------------------
Finished Loading Part and Timing Information : Time (s): cpu = 00:00:04 ; elapsed = 00:00:12 . Memory (MB): peak = 1585.543 ; gain = 559.816
---------------------------------------------------------------------------------
---------------------------------------------------------------------------------
Start Applying 'set_property' XDC Constraints
---------------------------------------------------------------------------------
Applied set_property IO_BUFFER_TYPE = NONE for sys_clock. (constraint file  c:/Users/kapug/try_5_hello_world/try_5_hello_world.gen/sources_1/bd/try_5_at/ip/try_5_at_clk_wiz_1_2/try_5_at_clk_wiz_1_2/try_5_at_clk_wiz_1_2_in_context.xdc, line 3).
Applied set_property CLOCK_BUFFER_TYPE = NONE for sys_clock. (constraint file  c:/Users/kapug/try_5_hello_world/try_5_hello_world.gen/sources_1/bd/try_5_at/ip/try_5_at_clk_wiz_1_2/try_5_at_clk_wiz_1_2/try_5_at_clk_wiz_1_2_in_context.xdc, line 4).
Applied set_property KEEP_HIERARCHY = SOFT for try_5_at_i. (constraint file  auto generated constraint).
Applied set_property KEEP_HIERARCHY = SOFT for try_5_at_i/microblaze_0. (constraint file  auto generated constraint).
Applied set_property KEEP_HIERARCHY = SOFT for try_5_at_i/axi_uartlite_0. (constraint file  auto generated constraint).
Applied set_property KEEP_HIERARCHY = SOFT for try_5_at_i/microblaze_0_local_memory/dlmb_v10. (constraint file  auto generated constraint).
Applied set_property KEEP_HIERARCHY = SOFT for try_5_at_i/microblaze_0_local_memory/ilmb_v10. (constraint file  auto generated constraint).
Applied set_property KEEP_HIERARCHY = SOFT for try_5_at_i/microblaze_0_local_memory/dlmb_bram_if_cntlr. (constraint file  auto generated constraint).
Applied set_property KEEP_HIERARCHY = SOFT for try_5_at_i/microblaze_0_local_memory/ilmb_bram_if_cntlr. (constraint file  auto generated constraint).
Applied set_property KEEP_HIERARCHY = SOFT for try_5_at_i/microblaze_0_local_memory/lmb_bram. (constraint file  auto generated constraint).
Applied set_property KEEP_HIERARCHY = SOFT for try_5_at_i/microblaze_0_axi_periph/xbar. (constraint file  auto generated constraint).
Applied set_property KEEP_HIERARCHY = SOFT for try_5_at_i/microblaze_0_axi_periph. (constraint file  auto generated constraint).
Applied set_property KEEP_HIERARCHY = SOFT for try_5_at_i/microblaze_0_axi_intc. (constraint file  auto generated constraint).
Applied set_property KEEP_HIERARCHY = SOFT for try_5_at_i/microblaze_0_xlconcat. (constraint file  auto generated constraint).
Applied set_property KEEP_HIERARCHY = SOFT for try_5_at_i/mdm_1. (constraint file  auto generated constraint).
Applied set_property KEEP_HIERARCHY = SOFT for try_5_at_i/clk_wiz_1. (constraint file  auto generated constraint).
Applied set_property KEEP_HIERARCHY = SOFT for try_5_at_i/rst_clk_wiz_1_100M. (constraint file  auto generated constraint).
Applied set_property KEEP_HIERARCHY = SOFT for try_5_at_i/axi_gpio_0. (constraint file  auto generated constraint).
---------------------------------------------------------------------------------
Finished applying 'set_property' XDC Constraints : Time (s): cpu = 00:00:04 ; elapsed = 00:00:12 . Memory (MB): peak = 1586.555 ; gain = 560.828
---------------------------------------------------------------------------------
---------------------------------------------------------------------------------
Finished RTL Optimization Phase 2 : Time (s): cpu = 00:00:04 ; elapsed = 00:00:12 . Memory (MB): peak = 1586.555 ; gain = 560.828
---------------------------------------------------------------------------------
---------------------------------------------------------------------------------
Start RTL Component Statistics 
---------------------------------------------------------------------------------
Detailed RTL Component Info : 
---------------------------------------------------------------------------------
Finished RTL Component Statistics 
---------------------------------------------------------------------------------
---------------------------------------------------------------------------------
Start Part Resource Summary
---------------------------------------------------------------------------------
Part Resources:
DSPs: 240 (col length:80)
BRAMs: 270 (col length: RAMB18 80 RAMB36 40)
---------------------------------------------------------------------------------
Finished Part Resource Summary
---------------------------------------------------------------------------------
---------------------------------------------------------------------------------
Start Cross Boundary and Area Optimization
---------------------------------------------------------------------------------
WARNING: [Synth 8-7080] Parallel synthesis criteria is not met
---------------------------------------------------------------------------------
Finished Cross Boundary and Area Optimization : Time (s): cpu = 00:00:05 ; elapsed = 00:00:13 . Memory (MB): peak = 1586.555 ; gain = 560.828
---------------------------------------------------------------------------------
---------------------------------------------------------------------------------
Start Applying XDC Timing Constraints
---------------------------------------------------------------------------------
---------------------------------------------------------------------------------
Finished Applying XDC Timing Constraints : Time (s): cpu = 00:00:07 ; elapsed = 00:00:17 . Memory (MB): peak = 1586.555 ; gain = 560.828
---------------------------------------------------------------------------------
---------------------------------------------------------------------------------
Start Timing Optimization
---------------------------------------------------------------------------------
---------------------------------------------------------------------------------
Finished Timing Optimization : Time (s): cpu = 00:00:07 ; elapsed = 00:00:17 . Memory (MB): peak = 1586.555 ; gain = 560.828
---------------------------------------------------------------------------------
---------------------------------------------------------------------------------
Start Technology Mapping
---------------------------------------------------------------------------------
---------------------------------------------------------------------------------
Finished Technology Mapping : Time (s): cpu = 00:00:07 ; elapsed = 00:00:17 . Memory (MB): peak = 1586.555 ; gain = 560.828
---------------------------------------------------------------------------------
---------------------------------------------------------------------------------
Start IO Insertion
---------------------------------------------------------------------------------
---------------------------------------------------------------------------------
Start Flattening Before IO Insertion
---------------------------------------------------------------------------------
---------------------------------------------------------------------------------
Finished Flattening Before IO Insertion
---------------------------------------------------------------------------------
---------------------------------------------------------------------------------
Start Final Netlist Cleanup
---------------------------------------------------------------------------------
---------------------------------------------------------------------------------
Finished Final Netlist Cleanup
---------------------------------------------------------------------------------
---------------------------------------------------------------------------------
Finished IO Insertion : Time (s): cpu = 00:00:08 ; elapsed = 00:00:20 . Memory (MB): peak = 1591.961 ; gain = 566.234
---------------------------------------------------------------------------------
---------------------------------------------------------------------------------
Start Renaming Generated Instances
---------------------------------------------------------------------------------
---------------------------------------------------------------------------------
Finished Renaming Generated Instances : Time (s): cpu = 00:00:08 ; elapsed = 00:00:20 . Memory (MB): peak = 1591.961 ; gain = 566.234
---------------------------------------------------------------------------------
---------------------------------------------------------------------------------
Start Rebuilding User Hierarchy
---------------------------------------------------------------------------------
---------------------------------------------------------------------------------
Finished Rebuilding User Hierarchy : Time (s): cpu = 00:00:08 ; elapsed = 00:00:20 . Memory (MB): peak = 1591.961 ; gain = 566.234
---------------------------------------------------------------------------------
---------------------------------------------------------------------------------
Start Renaming Generated Ports
---------------------------------------------------------------------------------
---------------------------------------------------------------------------------
Finished Renaming Generated Ports : Time (s): cpu = 00:00:08 ; elapsed = 00:00:20 . Memory (MB): peak = 1591.961 ; gain = 566.234
---------------------------------------------------------------------------------
---------------------------------------------------------------------------------
Start Handling Custom Attributes
---------------------------------------------------------------------------------
---------------------------------------------------------------------------------
Finished Handling Custom Attributes : Time (s): cpu = 00:00:08 ; elapsed = 00:00:20 . Memory (MB): peak = 1591.961 ; gain = 566.234
---------------------------------------------------------------------------------
---------------------------------------------------------------------------------
Start Renaming Generated Nets
---------------------------------------------------------------------------------
---------------------------------------------------------------------------------
Finished Renaming Generated Nets : Time (s): cpu = 00:00:08 ; elapsed = 00:00:20 . Memory (MB): peak = 1591.961 ; gain = 566.234
---------------------------------------------------------------------------------
---------------------------------------------------------------------------------
Start Writing Synthesis Report
---------------------------------------------------------------------------------

Report BlackBoxes: 
+------+---------------------------------+----------+
|      |BlackBox name                    |Instances |
+------+---------------------------------+----------+
|1     |try_5_at_xbar_2                  |         1|
|2     |try_5_at_axi_gpio_0_0            |         1|
|3     |try_5_at_axi_uartlite_0_2        |         1|
|4     |try_5_at_clk_wiz_1_2             |         1|
|5     |try_5_at_mdm_1_2                 |         1|
|6     |try_5_at_microblaze_0_2          |         1|
|7     |try_5_at_microblaze_0_axi_intc_1 |         1|
|8     |try_5_at_rst_clk_wiz_1_100M_2    |         1|
|9     |try_5_at_dlmb_bram_if_cntlr_2    |         1|
|10    |try_5_at_dlmb_v10_2              |         1|
|11    |try_5_at_ilmb_bram_if_cntlr_2    |         1|
|12    |try_5_at_ilmb_v10_2              |         1|
|13    |try_5_at_lmb_bram_2              |         1|
+------+---------------------------------+----------+

Report Cell Usage: 
+------+--------------------------------------+------+
|      |Cell                                  |Count |
+------+--------------------------------------+------+
|1     |try_5_at_axi_gpio_0_0_bbox            |     1|
|2     |try_5_at_axi_uartlite_0_2_bbox        |     1|
|3     |try_5_at_clk_wiz_1_2_bbox             |     1|
|4     |try_5_at_dlmb_bram_if_cntlr_2_bbox    |     1|
|5     |try_5_at_dlmb_v10_2_bbox              |     1|
|6     |try_5_at_ilmb_bram_if_cntlr_2_bbox    |     1|
|7     |try_5_at_ilmb_v10_2_bbox              |     1|
|8     |try_5_at_lmb_bram_2_bbox              |     1|
|9     |try_5_at_mdm_1_2_bbox                 |     1|
|10    |try_5_at_microblaze_0_2_bbox          |     1|
|11    |try_5_at_microblaze_0_axi_intc_1_bbox |     1|
|12    |try_5_at_rst_clk_wiz_1_100M_2_bbox    |     1|
|13    |try_5_at_xbar_2_bbox                  |     1|
|14    |IBUF                                  |     2|
|15    |OBUF                                  |    17|
+------+--------------------------------------+------+
---------------------------------------------------------------------------------
Finished Writing Synthesis Report : Time (s): cpu = 00:00:08 ; elapsed = 00:00:20 . Memory (MB): peak = 1591.961 ; gain = 566.234
---------------------------------------------------------------------------------
Synthesis finished with 0 errors, 0 critical warnings and 9 warnings.
Synthesis Optimization Runtime : Time (s): cpu = 00:00:05 ; elapsed = 00:00:18 . Memory (MB): peak = 1591.961 ; gain = 566.234
Synthesis Optimization Complete : Time (s): cpu = 00:00:08 ; elapsed = 00:00:20 . Memory (MB): peak = 1591.961 ; gain = 566.234
INFO: [Project 1-571] Translating synthesized netlist
Netlist sorting complete. Time (s): cpu = 00:00:00 ; elapsed = 00:00:00.014 . Memory (MB): peak = 1604.008 ; gain = 0.000
INFO: [Project 1-570] Preparing netlist for logic optimization
INFO: [Opt 31-138] Pushed 0 inverter(s) to 0 load pin(s).
Netlist sorting complete. Time (s): cpu = 00:00:00 ; elapsed = 00:00:00 . Memory (MB): peak = 1608.578 ; gain = 0.000
INFO: [Project 1-111] Unisim Transformation Summary:
No Unisim elements were transformed.

The system cannot find the path specified.
Synth Design complete | Checksum: cfd435c9
INFO: [Common 17-83] Releasing license: Synthesis
70 Infos, 108 Warnings, 1 Critical Warnings and 0 Errors encountered.
synth_design completed successfully
synth_design: Time (s): cpu = 00:00:10 ; elapsed = 00:00:24 . Memory (MB): peak = 1608.578 ; gain = 993.141
INFO: [runtcl-6] Synthesis results are not added to the cache due to CRITICAL_WARNING
Write ShapeDB Complete: Time (s): cpu = 00:00:00 ; elapsed = 00:00:00.002 . Memory (MB): peak = 1608.578 ; gain = 0.000
INFO: [Common 17-1381] The checkpoint 'C:/Users/kapug/try_5_hello_world/try_5_hello_world.runs/synth_1/try_5_at_wrapper.dcp' has been generated.
INFO: [runtcl-4] Executing : report_utilization -file try_5_at_wrapper_utilization_synth.rpt -pb try_5_at_wrapper_utilization_synth.pb
INFO: [Common 17-206] Exiting Vivado at Sun Jan 19 18:17:50 2025...
